
Activating Modules:
  1) defaultenv/10     2) lmod/7.5.13

232
Sim made
TNOs/472232
TNOs/472232
Data Read
Sim starting
Adding planets
Move to com
Init_megno
Starting Integration
Simulation integration finished in  0:09:55.033220  seconds.
/home/djspenc/.local/lib/python3.7/site-packages/rebound/simulationarchive.py:146: RuntimeWarning: You have to reset function pointers after creating a reb_simulation struct with a binary file.
  warnings.warn(message, RuntimeWarning)
232
472232
Read the runprops.txt file
0.0
100000000.0
10001 5
