
Activating Modules:
  1) defaultenv/10     2) lmod/7.5.13

443
Sim made
TNOs/2002 CD251
TNOs/2002 CD251
Data Read
Sim starting
Adding planets
Move to com
Init_megno
Starting Integration
Simulation integration finished in  0:10:37.774658  seconds.
/home/djspenc/.local/lib/python3.7/site-packages/rebound/simulationarchive.py:146: RuntimeWarning: You have to reset function pointers after creating a reb_simulation struct with a binary file.
  warnings.warn(message, RuntimeWarning)
443
2002 CD251
Read the runprops.txt file
0.0
100000000.0
10001 5
