printf: usage: printf [-v var] format [arguments]

Inactive Modules:
  1) defaultenv     2) lmod


Activating Modules:
  1) defaultenv/10     2) lmod/7.5.13


Inactive Modules:
  1) defaultenv     2) lmod


Activating Modules:
  1) defaultenv/10     2) lmod/7.5.13

../data/YHuang_freei/(2017 RZ137)
../data/YHuang_freei/(2005 JY185)
../data/YHuang_freei/486958 Arrokoth (2014 MU69)
../data/YHuang_freei/(2020 BQ63)
../data/YHuang_freei/(2019 RO4)
../data/YHuang_freei/(2019 GJ23)
../data/YHuang_freei/(2018 MF13)
../data/YHuang_freei/(2017 RY137)
../data/YHuang_freei/(2017 QQ131)
../data/YHuang_freei/(2017 OG69)
../data/YHuang_freei/(2017 OF69)
../data/YHuang_freei/(2017 DN121)
../data/YHuang_freei/(2017 DM121)
../data/YHuang_freei/(2016 XO34)
../data/YHuang_freei/(2016 WB75)
../data/YHuang_freei/(2016 UQ273)
../data/YHuang_freei/(2016 UL273)
../data/YHuang_freei/(2016 TL176)
../data/YHuang_freei/(2016 TZ94)
../data/YHuang_freei/(2016 TW94)
../data/YHuang_freei/(2016 TT94)
../data/YHuang_freei/(2016 TS94)
../data/YHuang_freei/(2016 SB106)
../data/YHuang_freei/(2016 SY105)
../data/YHuang_freei/(2016 SR105)
../data/YHuang_freei/(2016 SC59)
../data/YHuang_freei/(2016 SV58)
../data/YHuang_freei/(2016 SJ58)
../data/YHuang_freei/(2016 SE58)
../data/YHuang_freei/(2016 SW57)
../data/YHuang_freei/(2016 SU57)
../data/YHuang_freei/(2016 SF57)
../data/YHuang_freei/(2016 SY56)
../data/YHuang_freei/(2016 SN56)
../data/YHuang_freei/(2016 SK56)
../data/YHuang_freei/(2016 SB56)
../data/YHuang_freei/(2016 SY55)
../data/YHuang_freei/(2016 SQ55)
../data/YHuang_freei/(2016 RX82)
../data/YHuang_freei/(2016 RT82)
../data/YHuang_freei/(2016 RS82)
../data/YHuang_freei/(2016 RR82)
../data/YHuang_freei/(2016 RQ82)
../data/YHuang_freei/(2016 RP82)
../data/YHuang_freei/(2016 RO82)
../data/YHuang_freei/(2016 RM82)
../data/YHuang_freei/(2016 RK82)
../data/YHuang_freei/(2016 RH82)
../data/YHuang_freei/(2016 RG82)
../data/YHuang_freei/(2016 RD82)
../data/YHuang_freei/(2016 RA82)
../data/YHuang_freei/(2016 RX81)
../data/YHuang_freei/(2016 RV81)
../data/YHuang_freei/(2016 RU81)
../data/YHuang_freei/(2016 QG135)
../data/YHuang_freei/(2016 QE135)
../data/YHuang_freei/(2016 QD135)
../data/YHuang_freei/(2016 QC135)
../data/YHuang_freei/(2016 QA135)
../data/YHuang_freei/(2016 QZ134)
../data/YHuang_freei/(2016 QX134)
../data/YHuang_freei/(2016 QW134)
../data/YHuang_freei/(2016 QV134)
../data/YHuang_freei/(2016 QO134)
../data/YHuang_freei/(2016 QN134)
../data/YHuang_freei/(2016 QM134)
../data/YHuang_freei/(2016 QL134)
../data/YHuang_freei/(2016 PT220)
../data/YHuang_freei/(2016 PP220)
../data/YHuang_freei/(2016 PO220)
../data/YHuang_freei/(2016 PN220)
../data/YHuang_freei/(2016 PM220)
../data/YHuang_freei/(2016 PN219)
../data/YHuang_freei/(2016 PA101)
../data/YHuang_freei/(2016 FL59)
../data/YHuang_freei/(2016 CO264)
../data/YHuang_freei/(2016 AN278)
../data/YHuang_freei/(2015 XO480)
../data/YHuang_freei/(2015 VQ202)
../data/YHuang_freei/(2015 VJ181)
../data/YHuang_freei/(2015 VT173)
../data/YHuang_freei/(2015 VS173)
../data/YHuang_freei/(2015 VR173)
../data/YHuang_freei/(2015 VQ173)
../data/YHuang_freei/(2015 VP173)
../data/YHuang_freei/(2015 VO173)
../data/YHuang_freei/(2015 VN173)
../data/YHuang_freei/(2015 VM173)
../data/YHuang_freei/(2015 VL173)
../data/YHuang_freei/(2015 VK173)
../data/YHuang_freei/(2015 VJ173)
../data/YHuang_freei/(2015 VH173)
../data/YHuang_freei/(2015 VG173)
../data/YHuang_freei/(2015 VF173)
../data/YHuang_freei/(2015 VE173)
../data/YHuang_freei/(2015 VD173)
../data/YHuang_freei/(2015 VC173)
../data/YHuang_freei/(2015 VB173)
../data/YHuang_freei/(2015 VA173)
../data/YHuang_freei/(2015 VZ172)
../data/YHuang_freei/(2015 VY172)
../data/YHuang_freei/(2015 VX172)
../data/YHuang_freei/(2015 VW172)
../data/YHuang_freei/(2015 VV172)
../data/YHuang_freei/(2015 VU172)
../data/YHuang_freei/(2015 VT172)
../data/YHuang_freei/(2015 VS172)
../data/YHuang_freei/(2015 VR172)
../data/YHuang_freei/(2015 VQ172)
../data/YHuang_freei/(2015 VP172)
../data/YHuang_freei/(2015 VO172)
../data/YHuang_freei/(2015 VN172)
../data/YHuang_freei/(2015 VM172)
../data/YHuang_freei/(2015 VL172)
../data/YHuang_freei/(2015 VK172)
../data/YHuang_freei/(2015 VJ172)
../data/YHuang_freei/(2015 VH172)
../data/YHuang_freei/(2015 VG172)
../data/YHuang_freei/(2015 VF172)
../data/YHuang_freei/(2015 VE172)
../data/YHuang_freei/(2015 VD172)
../data/YHuang_freei/(2015 VC172)
../data/YHuang_freei/(2015 VA172)
../data/YHuang_freei/(2015 VZ171)
../data/YHuang_freei/(2015 VY171)
../data/YHuang_freei/(2015 VX171)
../data/YHuang_freei/(2015 VW171)
../data/YHuang_freei/(2015 VV171)
../data/YHuang_freei/(2015 VU171)
../data/YHuang_freei/(2015 VT171)
../data/YHuang_freei/(2015 VS171)
../data/YHuang_freei/(2015 VR171)
../data/YHuang_freei/(2015 VQ171)
../data/YHuang_freei/(2015 VP171)
../data/YHuang_freei/(2015 VO171)
../data/YHuang_freei/(2015 VN171)
../data/YHuang_freei/(2015 VM171)
../data/YHuang_freei/(2015 VL171)
../data/YHuang_freei/(2015 VK171)
../data/YHuang_freei/(2015 VJ171)
../data/YHuang_freei/(2015 VH171)
../data/YHuang_freei/(2015 VG171)
../data/YHuang_freei/(2015 VF171)
../data/YHuang_freei/(2015 VE171)
../data/YHuang_freei/(2015 VD171)
../data/YHuang_freei/(2015 VC171)
../data/YHuang_freei/(2015 VB171)
../data/YHuang_freei/(2015 VA171)
../data/YHuang_freei/(2015 VZ170)
../data/YHuang_freei/(2015 VY170)
../data/YHuang_freei/(2015 VX170)
../data/YHuang_freei/(2015 VW170)
../data/YHuang_freei/(2015 VV170)
../data/YHuang_freei/(2015 VU170)
../data/YHuang_freei/(2015 VT170)
../data/YHuang_freei/(2015 VS170)
../data/YHuang_freei/(2015 VR170)
../data/YHuang_freei/(2015 VQ170)
../data/YHuang_freei/(2015 VP170)
../data/YHuang_freei/(2015 VO170)
../data/YHuang_freei/(2015 VN170)
../data/YHuang_freei/(2015 VM170)
../data/YHuang_freei/(2015 VL170)
../data/YHuang_freei/(2015 VK170)
../data/YHuang_freei/(2015 VJ170)
../data/YHuang_freei/(2015 VH170)
../data/YHuang_freei/(2015 VG170)
../data/YHuang_freei/(2015 VF170)
../data/YHuang_freei/(2015 VE170)
../data/YHuang_freei/(2015 VD170)
../data/YHuang_freei/(2015 VC170)
../data/YHuang_freei/(2015 VB170)
../data/YHuang_freei/(2015 VA170)
../data/YHuang_freei/(2015 VZ169)
../data/YHuang_freei/(2015 VY169)
../data/YHuang_freei/(2015 VX169)
../data/YHuang_freei/(2015 VW169)
../data/YHuang_freei/(2015 VV169)
../data/YHuang_freei/(2015 VU169)
../data/YHuang_freei/(2015 VT169)
../data/YHuang_freei/(2015 VS169)
../data/YHuang_freei/(2015 VR169)
../data/YHuang_freei/(2015 VQ169)
../data/YHuang_freei/(2015 VP169)
../data/YHuang_freei/(2015 VO169)
../data/YHuang_freei/(2015 VN169)
../data/YHuang_freei/(2015 VM169)
../data/YHuang_freei/(2015 VL169)
../data/YHuang_freei/(2015 VK169)
../data/YHuang_freei/(2015 VJ169)
../data/YHuang_freei/(2015 VH169)
../data/YHuang_freei/(2015 VG169)
../data/YHuang_freei/(2015 VF169)
../data/YHuang_freei/(2015 VE169)
../data/YHuang_freei/(2015 VD169)
../data/YHuang_freei/(2015 VC169)
../data/YHuang_freei/(2015 VB169)
../data/YHuang_freei/(2015 VA169)
../data/YHuang_freei/(2015 VZ168)
../data/YHuang_freei/(2015 VY168)
../data/YHuang_freei/(2015 VX168)
../data/YHuang_freei/(2015 VW168)
../data/YHuang_freei/(2015 VV168)
../data/YHuang_freei/(2015 VU168)
../data/YHuang_freei/(2015 VT168)
../data/YHuang_freei/(2015 VS168)
../data/YHuang_freei/(2015 VR168)
../data/YHuang_freei/(2015 VQ168)
../data/YHuang_freei/(2015 VP168)
../data/YHuang_freei/(2015 VF168)
../data/YHuang_freei/(2015 VC168)
../data/YHuang_freei/(2015 VV167)
../data/YHuang_freei/(2015 VU167)
../data/YHuang_freei/(2015 VP167)
../data/YHuang_freei/(2015 VK167)
../data/YHuang_freei/(2015 VJ167)
../data/YHuang_freei/(2015 VH167)
../data/YHuang_freei/(2015 VG167)
../data/YHuang_freei/(2015 VC167)
../data/YHuang_freei/(2015 VB167)
../data/YHuang_freei/(2015 VA167)
../data/YHuang_freei/(2015 VZ166)
../data/YHuang_freei/(2015 VY166)
../data/YHuang_freei/(2015 VX166)
../data/YHuang_freei/(2015 VW166)
../data/YHuang_freei/(2015 VV166)
../data/YHuang_freei/(2015 VU166)
../data/YHuang_freei/(2015 VT166)
../data/YHuang_freei/(2015 VS166)
../data/YHuang_freei/(2015 VR166)
../data/YHuang_freei/(2015 VQ166)
../data/YHuang_freei/(2015 VF166)
../data/YHuang_freei/(2015 VB166)
../data/YHuang_freei/(2015 VT165)
../data/YHuang_freei/(2015 VS165)
../data/YHuang_freei/(2015 VR165)
../data/YHuang_freei/(2015 VO165)
../data/YHuang_freei/(2015 VM165)
../data/YHuang_freei/(2015 VL165)
../data/YHuang_freei/(2015 VK165)
../data/YHuang_freei/(2015 VH165)
../data/YHuang_freei/(2015 VE165)
../data/YHuang_freei/(2015 VD165)
../data/YHuang_freei/(2015 VB165)
../data/YHuang_freei/(2015 VA165)
../data/YHuang_freei/(2015 VZ164)
../data/YHuang_freei/(2015 VW164)
../data/YHuang_freei/(2015 VV164)
../data/YHuang_freei/(2015 VU164)
../data/YHuang_freei/(2015 VQ164)
../data/YHuang_freei/(2015 VO164)
../data/YHuang_freei/(2015 VN164)
../data/YHuang_freei/(2015 VJ164)
../data/YHuang_freei/(2015 VD164)
../data/YHuang_freei/(2015 VC164)
../data/YHuang_freei/(2015 VB164)
../data/YHuang_freei/(2015 VA164)
../data/YHuang_freei/(2015 VD157)
../data/YHuang_freei/(2015 TQ408)
../data/YHuang_freei/(2015 TK363)
../data/YHuang_freei/(2015 TJ363)
../data/YHuang_freei/(2015 TG362)
../data/YHuang_freei/(2015 TP361)
../data/YHuang_freei/(2015 TL361)
../data/YHuang_freei/(2015 TJ361)
../data/YHuang_freei/(2015 TC361)
../data/YHuang_freei/(2015 TA361)
../data/YHuang_freei/(2015 SZ49)
../data/YHuang_freei/(2015 RY345)
../data/YHuang_freei/(2015 RX345)
../data/YHuang_freei/(2015 RP281)
../data/YHuang_freei/(2015 RO281)
../data/YHuang_freei/(2015 RN281)
../data/YHuang_freei/(2015 RM281)
../data/YHuang_freei/(2015 RL281)
../data/YHuang_freei/(2015 RK281)
../data/YHuang_freei/(2015 RJ281)
../data/YHuang_freei/(2015 RH281)
../data/YHuang_freei/(2015 RG281)
../data/YHuang_freei/(2015 RF281)
../data/YHuang_freei/(2015 RE281)
../data/YHuang_freei/(2015 RD281)
../data/YHuang_freei/(2015 RC281)
../data/YHuang_freei/(2015 RB281)
../data/YHuang_freei/(2015 RA281)
../data/YHuang_freei/(2015 RZ280)
../data/YHuang_freei/(2015 RY280)
../data/YHuang_freei/(2015 RX280)
../data/YHuang_freei/(2015 RW280)
../data/YHuang_freei/(2015 RV280)
../data/YHuang_freei/(2015 RU280)
../data/YHuang_freei/(2015 RT280)
../data/YHuang_freei/(2015 RS280)
../data/YHuang_freei/(2015 RR280)
../data/YHuang_freei/(2015 RQ280)
../data/YHuang_freei/(2015 RP280)
../data/YHuang_freei/(2015 RO280)
../data/YHuang_freei/(2015 RN280)
../data/YHuang_freei/(2015 RM280)
../data/YHuang_freei/(2015 RL280)
../data/YHuang_freei/(2015 RK280)
../data/YHuang_freei/(2015 RJ280)
../data/YHuang_freei/(2015 RH280)
../data/YHuang_freei/(2015 RG280)
../data/YHuang_freei/(2015 RF280)
../data/YHuang_freei/(2015 RE280)
../data/YHuang_freei/(2015 RD280)
../data/YHuang_freei/(2015 RC280)
../data/YHuang_freei/(2015 RB280)
../data/YHuang_freei/(2015 RA280)
../data/YHuang_freei/(2015 RZ279)
../data/YHuang_freei/(2015 RY279)
../data/YHuang_freei/(2015 RX279)
../data/YHuang_freei/(2015 RW279)
../data/YHuang_freei/(2015 RV279)
../data/YHuang_freei/(2015 RU279)
../data/YHuang_freei/(2015 RT279)
../data/YHuang_freei/(2015 RS279)
../data/YHuang_freei/(2015 RR279)
../data/YHuang_freei/(2015 RQ279)
../data/YHuang_freei/(2015 RP279)
../data/YHuang_freei/(2015 RO279)
../data/YHuang_freei/(2015 RN279)
../data/YHuang_freei/(2015 RM279)
../data/YHuang_freei/(2015 RL279)
../data/YHuang_freei/(2015 RF279)
../data/YHuang_freei/(2015 RT278)
../data/YHuang_freei/(2015 RQ278)
../data/YHuang_freei/(2015 RP278)
../data/YHuang_freei/(2015 RO278)
../data/YHuang_freei/(2015 RM278)
../data/YHuang_freei/(2015 RK278)
../data/YHuang_freei/(2015 RJ278)
../data/YHuang_freei/(2015 RG278)
../data/YHuang_freei/(2015 RF278)
../data/YHuang_freei/(2015 RE278)
../data/YHuang_freei/(2015 RD278)
../data/YHuang_freei/(2015 RC278)
../data/YHuang_freei/(2015 RV277)
../data/YHuang_freei/(2015 RU277)
../data/YHuang_freei/(2015 RT277)
../data/YHuang_freei/(2015 RS277)
../data/YHuang_freei/(2015 RR277)
../data/YHuang_freei/(2015 RJ277)
../data/YHuang_freei/(2015 RG277)
../data/YHuang_freei/(2015 RC277)
../data/YHuang_freei/(2015 RT245)
../data/YHuang_freei/(2015 RS245)
../data/YHuang_freei/(2015 QB34)
../data/YHuang_freei/(2015 QY33)
../data/YHuang_freei/(2015 QX33)
../data/YHuang_freei/(2015 QW33)
../data/YHuang_freei/(2015 QL14)
../data/YHuang_freei/(2015 PL312)
../data/YHuang_freei/(2015 PF312)
../data/YHuang_freei/(2015 ML150)
../data/YHuang_freei/(2015 KN199)
../data/YHuang_freei/(2015 KM199)
../data/YHuang_freei/(2015 KL199)
../data/YHuang_freei/(2015 KG178)
../data/YHuang_freei/(2015 KD176)
../data/YHuang_freei/(2015 KC176)
../data/YHuang_freei/(2015 KB176)
../data/YHuang_freei/(2015 KA176)
../data/YHuang_freei/(2015 KZ175)
../data/YHuang_freei/(2015 KY175)
../data/YHuang_freei/(2015 KX175)
../data/YHuang_freei/(2015 KW175)
../data/YHuang_freei/(2015 KV175)
../data/YHuang_freei/(2015 KU175)
../data/YHuang_freei/(2015 KT175)
../data/YHuang_freei/(2015 KS175)
../data/YHuang_freei/(2015 KR175)
../data/YHuang_freei/(2015 KQ175)
../data/YHuang_freei/(2015 KP175)
../data/YHuang_freei/(2015 KO175)
../data/YHuang_freei/(2015 KN175)
../data/YHuang_freei/(2015 KM175)
../data/YHuang_freei/(2015 KL175)
../data/YHuang_freei/(2015 KK175)
../data/YHuang_freei/(2015 KJ175)
../data/YHuang_freei/(2015 KH175)
../data/YHuang_freei/(2015 KG175)
../data/YHuang_freei/(2015 KF175)
../data/YHuang_freei/(2015 KE175)
../data/YHuang_freei/(2015 KD175)
../data/YHuang_freei/(2015 KC175)
../data/YHuang_freei/(2015 KB175)
../data/YHuang_freei/(2015 KA175)
../data/YHuang_freei/(2015 KN174)
../data/YHuang_freei/(2015 KM174)
../data/YHuang_freei/(2015 KL174)
../data/YHuang_freei/(2015 KK174)
../data/YHuang_freei/(2015 KJ174)
../data/YHuang_freei/(2015 KB174)
../data/YHuang_freei/(2015 KA174)
../data/YHuang_freei/(2015 KW173)
../data/YHuang_freei/(2015 KV173)
../data/YHuang_freei/(2015 KU173)
../data/YHuang_freei/(2015 KT173)
../data/YHuang_freei/(2015 KS173)
../data/YHuang_freei/(2015 KQ173)
../data/YHuang_freei/(2015 KP173)
../data/YHuang_freei/(2015 KO173)
../data/YHuang_freei/(2015 KN173)
../data/YHuang_freei/(2015 KM173)
../data/YHuang_freei/(2015 KL173)
../data/YHuang_freei/(2015 KH173)
../data/YHuang_freei/(2015 KG173)
../data/YHuang_freei/(2015 KF173)
../data/YHuang_freei/(2015 KE173)
../data/YHuang_freei/(2015 KD173)
../data/YHuang_freei/(2015 KC173)
../data/YHuang_freei/(2015 KL167)
../data/YHuang_freei/(2015 HZ196)
../data/YHuang_freei/(2015 GJ59)
../data/YHuang_freei/(2015 GH59)
../data/YHuang_freei/(2015 GG59)
../data/YHuang_freei/(2015 GF59)
../data/YHuang_freei/(2015 GE59)
../data/YHuang_freei/(2015 GD59)
../data/YHuang_freei/(2015 GC59)
../data/YHuang_freei/(2015 GB59)
../data/YHuang_freei/(2015 GA59)
../data/YHuang_freei/(2015 GZ58)
../data/YHuang_freei/(2015 GY58)
../data/YHuang_freei/(2015 GX58)
../data/YHuang_freei/(2015 GW58)
../data/YHuang_freei/(2015 GV58)
../data/YHuang_freei/(2015 GU58)
../data/YHuang_freei/(2015 GT58)
../data/YHuang_freei/(2015 GS58)
../data/YHuang_freei/(2015 GR58)
../data/YHuang_freei/(2015 GQ58)
../data/YHuang_freei/(2015 GP58)
../data/YHuang_freei/(2015 GO58)
../data/YHuang_freei/(2015 GN58)
../data/YHuang_freei/(2015 GM58)
../data/YHuang_freei/(2015 GL58)
../data/YHuang_freei/(2015 GK58)
../data/YHuang_freei/(2015 GJ58)
../data/YHuang_freei/(2015 GH58)
../data/YHuang_freei/(2015 GG58)
../data/YHuang_freei/(2015 GF58)
../data/YHuang_freei/(2015 GE58)
../data/YHuang_freei/(2015 GD58)
../data/YHuang_freei/(2015 GC58)
../data/YHuang_freei/(2015 GB58)
../data/YHuang_freei/(2015 GA58)
../data/YHuang_freei/(2015 GZ57)
../data/YHuang_freei/(2015 GY57)
../data/YHuang_freei/(2015 GX57)
../data/YHuang_freei/(2015 GW57)
../data/YHuang_freei/(2015 GV57)
../data/YHuang_freei/(2015 GU57)
../data/YHuang_freei/(2015 GT57)
../data/YHuang_freei/(2015 GS57)
../data/YHuang_freei/(2015 GR57)
../data/YHuang_freei/(2015 GQ57)
../data/YHuang_freei/(2015 GP57)
../data/YHuang_freei/(2015 GO57)
../data/YHuang_freei/(2015 GN57)
../data/YHuang_freei/(2015 GM57)
../data/YHuang_freei/(2015 GL57)
../data/YHuang_freei/(2015 GK57)
../data/YHuang_freei/(2015 GJ57)
../data/YHuang_freei/(2015 GH57)
../data/YHuang_freei/(2015 GG57)
../data/YHuang_freei/(2015 GF57)
../data/YHuang_freei/(2015 GE57)
../data/YHuang_freei/(2015 GD57)
../data/YHuang_freei/(2015 GC57)
../data/YHuang_freei/(2015 GB57)
../data/YHuang_freei/(2015 GA57)
../data/YHuang_freei/(2015 GZ56)
../data/YHuang_freei/(2015 GY56)
../data/YHuang_freei/(2015 GX56)
../data/YHuang_freei/(2015 GW56)
../data/YHuang_freei/(2015 GV56)
../data/YHuang_freei/(2015 GU56)
../data/YHuang_freei/(2015 GT56)
../data/YHuang_freei/(2015 GS56)
../data/YHuang_freei/(2015 GR56)
../data/YHuang_freei/(2015 GQ56)
../data/YHuang_freei/(2015 GP56)
../data/YHuang_freei/(2015 GO56)
../data/YHuang_freei/(2015 GN56)
../data/YHuang_freei/(2015 GM56)
../data/YHuang_freei/(2015 GL56)
../data/YHuang_freei/(2015 GK56)
../data/YHuang_freei/(2015 GJ56)
../data/YHuang_freei/(2015 GH56)
../data/YHuang_freei/(2015 GG56)
../data/YHuang_freei/(2015 GF56)
../data/YHuang_freei/(2015 GE56)
../data/YHuang_freei/(2015 GT55)
../data/YHuang_freei/(2015 GS55)
../data/YHuang_freei/(2015 GQ55)
../data/YHuang_freei/(2015 GO55)
../data/YHuang_freei/(2015 GL55)
../data/YHuang_freei/(2015 GK55)
../data/YHuang_freei/(2015 GJ55)
../data/YHuang_freei/(2015 GH55)
../data/YHuang_freei/(2015 GG55)
../data/YHuang_freei/(2015 GF55)
../data/YHuang_freei/(2015 GE55)
../data/YHuang_freei/(2015 GD55)
../data/YHuang_freei/(2015 GC55)
../data/YHuang_freei/(2015 GZ54)
../data/YHuang_freei/(2015 GV54)
../data/YHuang_freei/(2015 GS54)
../data/YHuang_freei/(2015 GN54)
../data/YHuang_freei/(2015 GM54)
../data/YHuang_freei/(2015 GL54)
../data/YHuang_freei/(2015 GK54)
../data/YHuang_freei/(2015 GG54)
../data/YHuang_freei/(2015 GY51)
../data/YHuang_freei/(2015 GQ50)
No init file
../data/YHuang_freei/(2015 FW392)
../data/YHuang_freei/(2015 FS345)
../data/YHuang_freei/(2015 DZ250)
../data/YHuang_freei/(2015 BA519)
../data/YHuang_freei/(2015 BY518)
../data/YHuang_freei/(2015 BS518)
../data/YHuang_freei/(2015 BQ518)
../data/YHuang_freei/(2015 BP518)
../data/YHuang_freei/(2015 BL518)
../data/YHuang_freei/(2015 AQ293)
../data/YHuang_freei/(2015 AL281)
../data/YHuang_freei/(2015 AJ281)
../data/YHuang_freei/(2014 YK92)
../data/YHuang_freei/(2014 YJ92)
../data/YHuang_freei/(2014 YF92)
../data/YHuang_freei/(2014 YW91)
../data/YHuang_freei/(2014 YU72)
../data/YHuang_freei/(2014 YT72)
../data/YHuang_freei/(2014 YR72)
../data/YHuang_freei/(2014 YA50)
../data/YHuang_freei/(2014 XT54)
../data/YHuang_freei/(2014 XS54)
../data/YHuang_freei/(2014 XC48)
../data/YHuang_freei/(2014 XA48)
../data/YHuang_freei/(2014 XZ47)
../data/YHuang_freei/(2014 XW47)
../data/YHuang_freei/(2014 XZ40)
../data/YHuang_freei/(2014 XY40)
../data/YHuang_freei/(2014 WM602)
../data/YHuang_freei/(2014 WL602)
../data/YHuang_freei/(2014 WG602)
../data/YHuang_freei/(2014 WD602)
../data/YHuang_freei/(2014 WB602)
../data/YHuang_freei/(2014 WA602)
../data/YHuang_freei/(2014 WX601)
../data/YHuang_freei/(2014 WC556)
../data/YHuang_freei/(2014 WZ555)
../data/YHuang_freei/(2014 WD536)
../data/YHuang_freei/(2014 WC536)
../data/YHuang_freei/(2014 WE510)
../data/YHuang_freei/(2014 WB510)
../data/YHuang_freei/(2014 WW509)
../data/YHuang_freei/(2014 WS509)
../data/YHuang_freei/(2014 WP509)
../data/YHuang_freei/(2014 WM509)
../data/YHuang_freei/(2014 WF509)
../data/YHuang_freei/(2014 WB509)
../data/YHuang_freei/(2014 VO43)
../data/YHuang_freei/(2014 VL43)
../data/YHuang_freei/(2014 VK43)
../data/YHuang_freei/(2014 VV39)
../data/YHuang_freei/(2014 VW37)
../data/YHuang_freei/(2014 UU277)
../data/YHuang_freei/(2014 UT277)
../data/YHuang_freei/(2014 UR277)
../data/YHuang_freei/(2014 UQ277)
../data/YHuang_freei/(2014 UN277)
../data/YHuang_freei/(2014 UJ277)
../data/YHuang_freei/(2014 UH277)
../data/YHuang_freei/(2014 UG277)
../data/YHuang_freei/(2014 UF277)
../data/YHuang_freei/(2014 UA277)
../data/YHuang_freei/(2014 UZ276)
../data/YHuang_freei/(2014 UX276)
../data/YHuang_freei/(2014 UW276)
../data/YHuang_freei/(2014 UO250)
../data/YHuang_freei/(2014 UN250)
../data/YHuang_freei/(2014 UF241)
../data/YHuang_freei/(2014 UE241)
../data/YHuang_freei/(2014 UD241)
../data/YHuang_freei/(2014 UM233)
../data/YHuang_freei/(2014 UK231)
../data/YHuang_freei/(2014 UC230)
../data/YHuang_freei/(2014 UZ229)
../data/YHuang_freei/(2014 UU229)
../data/YHuang_freei/(2014 UT229)
../data/YHuang_freei/(2014 UR229)
../data/YHuang_freei/(2014 UP229)
../data/YHuang_freei/(2014 UO229)
../data/YHuang_freei/(2014 UN229)
../data/YHuang_freei/(2014 UM229)
../data/YHuang_freei/(2014 UL229)
../data/YHuang_freei/(2014 UK229)
../data/YHuang_freei/(2014 UJ229)
../data/YHuang_freei/(2014 UH229)
../data/YHuang_freei/(2014 UE229)
../data/YHuang_freei/(2014 UC229)
../data/YHuang_freei/(2014 UB229)
../data/YHuang_freei/(2014 UZ228)
../data/YHuang_freei/(2014 UY228)
../data/YHuang_freei/(2014 UV228)
../data/YHuang_freei/(2014 UU228)
../data/YHuang_freei/(2014 UQ228)
../data/YHuang_freei/(2014 UP228)
../data/YHuang_freei/(2014 UO228)
../data/YHuang_freei/(2014 UN228)
../data/YHuang_freei/(2014 UM228)
../data/YHuang_freei/(2014 UL228)
../data/YHuang_freei/(2014 UJ228)
../data/YHuang_freei/(2014 UF228)
../data/YHuang_freei/(2014 UC228)
../data/YHuang_freei/(2014 UB225)
../data/YHuang_freei/(2014 UO224)
../data/YHuang_freei/(2014 UF224)
../data/YHuang_freei/(2014 TD116)
../data/YHuang_freei/(2014 TA116)
../data/YHuang_freei/(2014 TZ115)
../data/YHuang_freei/(2014 TX115)
../data/YHuang_freei/(2014 TW115)
../data/YHuang_freei/(2014 TV115)
../data/YHuang_freei/(2014 TR115)
../data/YHuang_freei/(2014 TQ115)
../data/YHuang_freei/(2014 TK115)
../data/YHuang_freei/(2014 TH115)
../data/YHuang_freei/(2014 TG115)
../data/YHuang_freei/(2014 TD115)
../data/YHuang_freei/(2014 TA115)
../data/YHuang_freei/(2014 TY114)
../data/YHuang_freei/(2014 TL95)
../data/YHuang_freei/(2014 TF86)
../data/YHuang_freei/(2014 TE86)
../data/YHuang_freei/(2014 TB86)
../data/YHuang_freei/(2014 TX85)
../data/YHuang_freei/(2014 TT85)
../data/YHuang_freei/(2014 SR404)
../data/YHuang_freei/(2014 SL404)
../data/YHuang_freei/(2014 SF404)
../data/YHuang_freei/(2014 SC404)
../data/YHuang_freei/(2014 SB404)
../data/YHuang_freei/(2014 SZ403)
../data/YHuang_freei/(2014 SW403)
../data/YHuang_freei/(2014 SV403)
../data/YHuang_freei/(2014 SS403)
../data/YHuang_freei/(2014 SL403)
../data/YHuang_freei/(2014 SB374)
../data/YHuang_freei/(2014 SA374)
../data/YHuang_freei/(2014 SX373)
../data/YHuang_freei/(2014 SQ373)
../data/YHuang_freei/(2014 SP373)
../data/YHuang_freei/(2014 SO373)
../data/YHuang_freei/(2014 SM373)
../data/YHuang_freei/(2014 SA365)
../data/YHuang_freei/(2014 SO363)
../data/YHuang_freei/(2014 SN363)
../data/YHuang_freei/(2014 SM363)
../data/YHuang_freei/(2014 SQ350)
../data/YHuang_freei/(2014 SN350)
../data/YHuang_freei/(2014 SC350)
../data/YHuang_freei/(2014 RY86)
../data/YHuang_freei/(2014 RX86)
../data/YHuang_freei/(2014 RW86)
../data/YHuang_freei/(2014 RU86)
../data/YHuang_freei/(2014 RT86)
../data/YHuang_freei/(2014 RS86)
../data/YHuang_freei/(2014 RO86)
../data/YHuang_freei/(2014 RM86)
../data/YHuang_freei/(2014 RN74)
../data/YHuang_freei/(2014 RL74)
../data/YHuang_freei/(2014 RJ70)
../data/YHuang_freei/(2014 QZ562)
../data/YHuang_freei/(2014 QY562)
../data/YHuang_freei/(2014 QX562)
../data/YHuang_freei/(2014 QV562)
../data/YHuang_freei/(2014 QU562)
../data/YHuang_freei/(2014 QT562)
../data/YHuang_freei/(2014 QM562)
../data/YHuang_freei/(2014 QL562)
../data/YHuang_freei/(2014 QK562)
../data/YHuang_freei/(2014 QF562)
../data/YHuang_freei/(2014 QB527)
../data/YHuang_freei/(2014 QZ510)
../data/YHuang_freei/(2014 QY510)
../data/YHuang_freei/(2014 QX510)
../data/YHuang_freei/(2014 QV510)
../data/YHuang_freei/(2014 QU510)
../data/YHuang_freei/(2014 QT510)
../data/YHuang_freei/(2014 QU495)
../data/YHuang_freei/(2014 QF442)
../data/YHuang_freei/(2014 QE442)
../data/YHuang_freei/(2014 QW441)
../data/YHuang_freei/(2014 QU441)
../data/YHuang_freei/(2014 QM441)
../data/YHuang_freei/(2014 QF433)
../data/YHuang_freei/(2014 PS70)
../data/YHuang_freei/(2014 OM394)
../data/YHuang_freei/(2014 OF394)
../data/YHuang_freei/(2014 OD394)
../data/YHuang_freei/(2014 OC394)
../data/YHuang_freei/(2014 OA394)
../data/YHuang_freei/(2014 OW393)
../data/YHuang_freei/(2014 OV393)
../data/YHuang_freei/(2014 NT86)
../data/YHuang_freei/(2014 ND81)
../data/YHuang_freei/(2014 NB66)
../data/YHuang_freei/(2014 NA66)
../data/YHuang_freei/(2014 NZ65)
../data/YHuang_freei/(2014 NY65)
../data/YHuang_freei/(2014 MH70)
../data/YHuang_freei/(2014 MG70)
../data/YHuang_freei/(2014 MF70)
../data/YHuang_freei/(2014 ME70)
../data/YHuang_freei/(2014 MB70)
../data/YHuang_freei/(2014 MH55)
../data/YHuang_freei/(2014 LT28)
../data/YHuang_freei/(2014 LQ28)
../data/YHuang_freei/(2014 LO28)
../data/YHuang_freei/(2014 KD102)
../data/YHuang_freei/(2014 KC102)
../data/YHuang_freei/(2014 KX101)
../data/YHuang_freei/(2014 KT101)
../data/YHuang_freei/(2014 JQ92)
../data/YHuang_freei/(2014 JT80)
../data/YHuang_freei/(2014 HP233)
==========================worker with rank 112 crashed==========================
../data/YHuang_freei/(2014 HV208)
Traceback (most recent call last):
  File "/home/djspenc/.local/lib/python3.7/site-packages/schwimmbad/mpi.py", line 72, in __init__
    self.wait()
  File "/home/djspenc/.local/lib/python3.7/site-packages/schwimmbad/mpi.py", line 126, in wait
    result = func(arg)
  File "integrate_multi.py", line 49, in integrate
    sim = run_reb.run_simulation(sim2, tmax=tmax, tout=tout, filename=file + "/archive.bin", deletefile=True)
  File "/home/djspenc/SBDynT_dev/src/run_reb.py", line 382, in run_simulation
    sim.integrate(tmax)
  File "/home/djspenc/.local/lib/python3.7/site-packages/rebound/simulation.py", line 1754, in integrate
    raise NoParticles("No more particles left in simulation.")
rebound.NoParticles: No more particles left in simulation.
--------------------------------------------------------------------------
MPI_ABORT was invoked on rank 112 in communicator MPI_COMM_WORLD
with errorcode 0.

NOTE: invoking MPI_ABORT causes Open MPI to kill all MPI processes.
You may or may not see output from other processes, depending on
exactly when Open MPI kills them.
--------------------------------------------------------------------------
../data/YHuang_freei/(2014 GK65)
