printf: usage: printf [-v var] format [arguments]

Inactive Modules:
  1) defaultenv     2) lmod


Activating Modules:
  1) defaultenv/10     2) lmod/7.5.13


Inactive Modules:
  1) defaultenv     2) lmod


Activating Modules:
  1) defaultenv/10     2) lmod/7.5.13

../data/YHuang_freei/(2005 JY185)
../data/YHuang_freei/486958 Arrokoth (2014 MU69)
../data/YHuang_freei/(2020 BQ63)
../data/YHuang_freei/(2019 RO4)
../data/YHuang_freei/(2019 GJ23)
../data/YHuang_freei/(2018 MF13)
../data/YHuang_freei/(2017 RZ137)
../data/YHuang_freei/(2017 RY137)
../data/YHuang_freei/(2017 QQ131)
../data/YHuang_freei/(2017 OG69)
../data/YHuang_freei/(2017 OF69)
../data/YHuang_freei/(2017 DN121)
../data/YHuang_freei/(2017 DM121)
../data/YHuang_freei/(2016 XO34)
../data/YHuang_freei/(2016 WB75)
../data/YHuang_freei/(2016 UQ273)
../data/YHuang_freei/(2016 UL273)
../data/YHuang_freei/(2016 TL176)
../data/YHuang_freei/(2016 TZ94)
../data/YHuang_freei/(2016 TW94)
../data/YHuang_freei/(2016 TT94)
../data/YHuang_freei/(2016 TS94)
../data/YHuang_freei/(2016 SB106)
../data/YHuang_freei/(2016 SY105)
../data/YHuang_freei/(2016 SR105)
../data/YHuang_freei/(2016 SC59)
../data/YHuang_freei/(2016 SV58)
../data/YHuang_freei/(2016 SJ58)
../data/YHuang_freei/(2016 SE58)
../data/YHuang_freei/(2016 SW57)
../data/YHuang_freei/(2016 SU57)
../data/YHuang_freei/(2016 SF57)
../data/YHuang_freei/(2016 SY56)
../data/YHuang_freei/(2016 SN56)
../data/YHuang_freei/(2016 SK56)
../data/YHuang_freei/(2016 SB56)
../data/YHuang_freei/(2016 SY55)
../data/YHuang_freei/(2016 SQ55)
../data/YHuang_freei/(2016 RX82)
../data/YHuang_freei/(2016 RT82)
../data/YHuang_freei/(2016 RS82)
../data/YHuang_freei/(2016 RR82)
../data/YHuang_freei/(2016 RQ82)
../data/YHuang_freei/(2016 RP82)
../data/YHuang_freei/(2016 RO82)
../data/YHuang_freei/(2016 RM82)
../data/YHuang_freei/(2016 RK82)
../data/YHuang_freei/(2016 RH82)
../data/YHuang_freei/(2016 RG82)
../data/YHuang_freei/(2016 RD82)
../data/YHuang_freei/(2016 RA82)
../data/YHuang_freei/(2016 RX81)
../data/YHuang_freei/(2016 RV81)
../data/YHuang_freei/(2016 RU81)
../data/YHuang_freei/(2016 QG135)
../data/YHuang_freei/(2016 QE135)
../data/YHuang_freei/(2016 QD135)
../data/YHuang_freei/(2016 QC135)
../data/YHuang_freei/(2016 QA135)
../data/YHuang_freei/(2016 QZ134)
../data/YHuang_freei/(2016 QX134)
../data/YHuang_freei/(2016 QW134)
../data/YHuang_freei/(2016 QV134)
../data/YHuang_freei/(2016 QO134)
../data/YHuang_freei/(2016 QN134)
../data/YHuang_freei/(2016 QM134)
../data/YHuang_freei/(2016 QL134)
../data/YHuang_freei/(2016 PT220)
../data/YHuang_freei/(2016 PP220)
../data/YHuang_freei/(2016 PO220)
../data/YHuang_freei/(2016 PN220)
../data/YHuang_freei/(2016 PM220)
../data/YHuang_freei/(2016 PN219)
../data/YHuang_freei/(2016 PA101)
../data/YHuang_freei/(2016 FL59)
../data/YHuang_freei/(2016 CO264)
../data/YHuang_freei/(2016 AN278)
../data/YHuang_freei/(2015 XO480)
../data/YHuang_freei/(2015 VQ202)
../data/YHuang_freei/(2015 VJ181)
../data/YHuang_freei/(2015 VT173)
../data/YHuang_freei/(2015 VS173)
../data/YHuang_freei/(2015 VR173)
../data/YHuang_freei/(2015 VQ173)
../data/YHuang_freei/(2015 VP173)
../data/YHuang_freei/(2015 VO173)
../data/YHuang_freei/(2015 VN173)
../data/YHuang_freei/(2015 VM173)
../data/YHuang_freei/(2015 VL173)
../data/YHuang_freei/(2015 VK173)
../data/YHuang_freei/(2015 VJ173)
../data/YHuang_freei/(2015 VH173)
../data/YHuang_freei/(2015 VG173)
../data/YHuang_freei/(2015 VF173)
../data/YHuang_freei/(2015 VE173)
../data/YHuang_freei/(2015 VD173)
../data/YHuang_freei/(2015 VC173)
../data/YHuang_freei/(2015 VB173)
../data/YHuang_freei/(2015 VA173)
../data/YHuang_freei/(2015 VZ172)
../data/YHuang_freei/(2015 VY172)
../data/YHuang_freei/(2015 VX172)
../data/YHuang_freei/(2015 VW172)
../data/YHuang_freei/(2015 VV172)
../data/YHuang_freei/(2015 VU172)
../data/YHuang_freei/(2015 VT172)
../data/YHuang_freei/(2015 VS172)
../data/YHuang_freei/(2015 VR172)
../data/YHuang_freei/(2015 VQ172)
../data/YHuang_freei/(2015 VP172)
../data/YHuang_freei/(2015 VO172)
../data/YHuang_freei/(2015 VN172)
../data/YHuang_freei/(2015 VM172)
../data/YHuang_freei/(2015 VL172)
../data/YHuang_freei/(2015 VK172)
../data/YHuang_freei/(2015 VJ172)
../data/YHuang_freei/(2015 VH172)
../data/YHuang_freei/(2015 VG172)
../data/YHuang_freei/(2015 VF172)
../data/YHuang_freei/(2015 VE172)
../data/YHuang_freei/(2015 VD172)
../data/YHuang_freei/(2015 VC172)
../data/YHuang_freei/(2015 VA172)
../data/YHuang_freei/(2015 VZ171)
../data/YHuang_freei/(2015 VY171)
../data/YHuang_freei/(2015 VX171)
../data/YHuang_freei/(2015 VW171)
../data/YHuang_freei/(2015 VV171)
../data/YHuang_freei/(2015 VU171)
../data/YHuang_freei/(2015 VT171)
../data/YHuang_freei/(2015 VS171)
../data/YHuang_freei/(2015 VR171)
../data/YHuang_freei/(2015 VQ171)
../data/YHuang_freei/(2015 VP171)
../data/YHuang_freei/(2015 VO171)
../data/YHuang_freei/(2015 VN171)
../data/YHuang_freei/(2015 VM171)
../data/YHuang_freei/(2015 VL171)
../data/YHuang_freei/(2015 VK171)
../data/YHuang_freei/(2015 VJ171)
../data/YHuang_freei/(2015 VH171)
../data/YHuang_freei/(2015 VG171)
../data/YHuang_freei/(2015 VF171)
../data/YHuang_freei/(2015 VE171)
../data/YHuang_freei/(2015 VD171)
../data/YHuang_freei/(2015 VC171)
../data/YHuang_freei/(2015 VB171)
../data/YHuang_freei/(2015 VA171)
../data/YHuang_freei/(2015 VZ170)
../data/YHuang_freei/(2015 VY170)
../data/YHuang_freei/(2015 VX170)
../data/YHuang_freei/(2015 VW170)
../data/YHuang_freei/(2015 VV170)
../data/YHuang_freei/(2015 VU170)
../data/YHuang_freei/(2015 VT170)
../data/YHuang_freei/(2015 VS170)
../data/YHuang_freei/(2015 VR170)
../data/YHuang_freei/(2015 VQ170)
../data/YHuang_freei/(2015 VP170)
../data/YHuang_freei/(2015 VO170)
../data/YHuang_freei/(2015 VN170)
../data/YHuang_freei/(2015 VM170)
../data/YHuang_freei/(2015 VL170)
../data/YHuang_freei/(2015 VK170)
../data/YHuang_freei/(2015 VJ170)
../data/YHuang_freei/(2015 VH170)
../data/YHuang_freei/(2015 VG170)
../data/YHuang_freei/(2015 VF170)
../data/YHuang_freei/(2015 VE170)
../data/YHuang_freei/(2015 VD170)
../data/YHuang_freei/(2015 VC170)
../data/YHuang_freei/(2015 VB170)
../data/YHuang_freei/(2015 VA170)
../data/YHuang_freei/(2015 VZ169)
../data/YHuang_freei/(2015 VY169)
../data/YHuang_freei/(2015 VX169)
../data/YHuang_freei/(2015 VW169)
../data/YHuang_freei/(2015 VV169)
../data/YHuang_freei/(2015 VU169)
../data/YHuang_freei/(2015 VT169)
../data/YHuang_freei/(2015 VS169)
../data/YHuang_freei/(2015 VR169)
../data/YHuang_freei/(2015 VQ169)
../data/YHuang_freei/(2015 VP169)
../data/YHuang_freei/(2015 VO169)
../data/YHuang_freei/(2015 VN169)
../data/YHuang_freei/(2015 VM169)
../data/YHuang_freei/(2015 VL169)
../data/YHuang_freei/(2015 VK169)
../data/YHuang_freei/(2015 VJ169)
../data/YHuang_freei/(2015 VH169)
../data/YHuang_freei/(2015 VG169)
../data/YHuang_freei/(2015 VF169)
../data/YHuang_freei/(2015 VE169)
../data/YHuang_freei/(2015 VD169)
../data/YHuang_freei/(2015 VC169)
../data/YHuang_freei/(2015 VB169)
../data/YHuang_freei/(2015 VA169)
../data/YHuang_freei/(2015 VZ168)
../data/YHuang_freei/(2015 VY168)
../data/YHuang_freei/(2015 VX168)
../data/YHuang_freei/(2015 VW168)
../data/YHuang_freei/(2015 VV168)
../data/YHuang_freei/(2015 VU168)
../data/YHuang_freei/(2015 VT168)
../data/YHuang_freei/(2015 VS168)
../data/YHuang_freei/(2015 VR168)
../data/YHuang_freei/(2015 VQ168)
../data/YHuang_freei/(2015 VP168)
../data/YHuang_freei/(2015 VF168)
../data/YHuang_freei/(2015 VC168)
../data/YHuang_freei/(2015 VV167)
../data/YHuang_freei/(2015 VU167)
../data/YHuang_freei/(2015 VP167)
../data/YHuang_freei/(2015 VK167)
../data/YHuang_freei/(2015 VJ167)
../data/YHuang_freei/(2015 VH167)
../data/YHuang_freei/(2015 VG167)
../data/YHuang_freei/(2015 VC167)
../data/YHuang_freei/(2015 VB167)
../data/YHuang_freei/(2015 VA167)
../data/YHuang_freei/(2015 VZ166)
../data/YHuang_freei/(2015 VY166)
../data/YHuang_freei/(2015 VX166)
../data/YHuang_freei/(2015 VW166)
../data/YHuang_freei/(2015 VV166)
../data/YHuang_freei/(2015 VU166)
../data/YHuang_freei/(2015 VT166)
../data/YHuang_freei/(2015 VS166)
../data/YHuang_freei/(2015 VR166)
../data/YHuang_freei/(2015 VQ166)
../data/YHuang_freei/(2015 VF166)
../data/YHuang_freei/(2015 VB166)
../data/YHuang_freei/(2015 VT165)
../data/YHuang_freei/(2015 VS165)
../data/YHuang_freei/(2015 VR165)
../data/YHuang_freei/(2015 VO165)
../data/YHuang_freei/(2015 VM165)
../data/YHuang_freei/(2015 VL165)
../data/YHuang_freei/(2015 VK165)
../data/YHuang_freei/(2015 VH165)
../data/YHuang_freei/(2015 VE165)
../data/YHuang_freei/(2015 VD165)
../data/YHuang_freei/(2015 VB165)
../data/YHuang_freei/(2015 VA165)
../data/YHuang_freei/(2015 VZ164)
../data/YHuang_freei/(2015 VW164)
../data/YHuang_freei/(2015 VV164)
../data/YHuang_freei/(2015 VU164)
../data/YHuang_freei/(2015 VQ164)
../data/YHuang_freei/(2015 VO164)
../data/YHuang_freei/(2015 VN164)
../data/YHuang_freei/(2015 VJ164)
../data/YHuang_freei/(2015 VD164)
../data/YHuang_freei/(2015 VC164)
../data/YHuang_freei/(2015 VB164)
../data/YHuang_freei/(2015 VA164)
../data/YHuang_freei/(2015 VD157)
../data/YHuang_freei/(2015 TQ408)
../data/YHuang_freei/(2015 TK363)
../data/YHuang_freei/(2015 TJ363)
../data/YHuang_freei/(2015 TG362)
../data/YHuang_freei/(2015 TP361)
../data/YHuang_freei/(2015 TL361)
../data/YHuang_freei/(2015 TJ361)
../data/YHuang_freei/(2015 TC361)
../data/YHuang_freei/(2015 TA361)
../data/YHuang_freei/(2015 SZ49)
../data/YHuang_freei/(2015 RY345)
../data/YHuang_freei/(2015 RX345)
../data/YHuang_freei/(2015 RP281)
../data/YHuang_freei/(2015 RO281)
../data/YHuang_freei/(2015 RN281)
../data/YHuang_freei/(2015 RM281)
../data/YHuang_freei/(2015 RL281)
../data/YHuang_freei/(2015 RK281)
../data/YHuang_freei/(2015 RJ281)
../data/YHuang_freei/(2015 RH281)
../data/YHuang_freei/(2015 RG281)
../data/YHuang_freei/(2015 RF281)
../data/YHuang_freei/(2015 RE281)
../data/YHuang_freei/(2015 RD281)
../data/YHuang_freei/(2015 RC281)
../data/YHuang_freei/(2015 RB281)
../data/YHuang_freei/(2015 RA281)
../data/YHuang_freei/(2015 RZ280)
../data/YHuang_freei/(2015 RY280)
../data/YHuang_freei/(2015 RX280)
../data/YHuang_freei/(2015 RW280)
../data/YHuang_freei/(2015 RV280)
../data/YHuang_freei/(2015 RU280)
../data/YHuang_freei/(2015 RT280)
../data/YHuang_freei/(2015 RS280)
../data/YHuang_freei/(2015 RR280)
../data/YHuang_freei/(2015 RQ280)
../data/YHuang_freei/(2015 RP280)
../data/YHuang_freei/(2015 RO280)
../data/YHuang_freei/(2015 RN280)
../data/YHuang_freei/(2015 RM280)
../data/YHuang_freei/(2015 RL280)
../data/YHuang_freei/(2015 RK280)
../data/YHuang_freei/(2015 RJ280)
../data/YHuang_freei/(2015 RH280)
../data/YHuang_freei/(2015 RG280)
../data/YHuang_freei/(2015 RF280)
../data/YHuang_freei/(2015 RE280)
../data/YHuang_freei/(2015 RD280)
../data/YHuang_freei/(2015 RC280)
../data/YHuang_freei/(2015 RB280)
../data/YHuang_freei/(2015 RA280)
../data/YHuang_freei/(2015 RZ279)
../data/YHuang_freei/(2015 RY279)
../data/YHuang_freei/(2015 RX279)
../data/YHuang_freei/(2015 RW279)
../data/YHuang_freei/(2015 RV279)
../data/YHuang_freei/(2015 RU279)
../data/YHuang_freei/(2015 RT279)
../data/YHuang_freei/(2015 RS279)
../data/YHuang_freei/(2015 RR279)
../data/YHuang_freei/(2015 RQ279)
../data/YHuang_freei/(2015 RP279)
../data/YHuang_freei/(2015 RO279)
../data/YHuang_freei/(2015 RN279)
../data/YHuang_freei/(2015 RM279)
../data/YHuang_freei/(2015 RL279)
../data/YHuang_freei/(2015 RT278)
../data/YHuang_freei/(2015 RF279)
../data/YHuang_freei/(2015 RQ278)
../data/YHuang_freei/(2015 RP278)
../data/YHuang_freei/(2015 RO278)
../data/YHuang_freei/(2015 RM278)
../data/YHuang_freei/(2015 RK278)
../data/YHuang_freei/(2015 RJ278)
../data/YHuang_freei/(2015 RG278)
../data/YHuang_freei/(2015 RF278)
../data/YHuang_freei/(2015 RE278)
../data/YHuang_freei/(2015 RD278)
../data/YHuang_freei/(2015 RC278)
../data/YHuang_freei/(2015 RV277)
../data/YHuang_freei/(2015 RT277)
../data/YHuang_freei/(2015 RU277)
../data/YHuang_freei/(2015 RS277)
../data/YHuang_freei/(2015 RR277)
../data/YHuang_freei/(2015 RJ277)
../data/YHuang_freei/(2015 RG277)
../data/YHuang_freei/(2015 RC277)
../data/YHuang_freei/(2015 RT245)
../data/YHuang_freei/(2015 RS245)
../data/YHuang_freei/(2015 QB34)
../data/YHuang_freei/(2015 QY33)
../data/YHuang_freei/(2015 QX33)
../data/YHuang_freei/(2015 QW33)
../data/YHuang_freei/(2015 QL14)
../data/YHuang_freei/(2015 PL312)
../data/YHuang_freei/(2015 PF312)
../data/YHuang_freei/(2015 ML150)
../data/YHuang_freei/(2015 KN199)
../data/YHuang_freei/(2015 KM199)
../data/YHuang_freei/(2015 KL199)
../data/YHuang_freei/(2015 KG178)
../data/YHuang_freei/(2015 KD176)
../data/YHuang_freei/(2015 KC176)
../data/YHuang_freei/(2015 KB176)
../data/YHuang_freei/(2015 KA176)
../data/YHuang_freei/(2015 KZ175)
../data/YHuang_freei/(2015 KY175)
../data/YHuang_freei/(2015 KX175)
../data/YHuang_freei/(2015 KW175)
../data/YHuang_freei/(2015 KV175)
../data/YHuang_freei/(2015 KU175)
../data/YHuang_freei/(2015 KT175)
../data/YHuang_freei/(2015 KS175)
../data/YHuang_freei/(2015 KR175)
../data/YHuang_freei/(2015 KQ175)
../data/YHuang_freei/(2015 KP175)
../data/YHuang_freei/(2015 KO175)
../data/YHuang_freei/(2015 KN175)
../data/YHuang_freei/(2015 KM175)
../data/YHuang_freei/(2015 KL175)
../data/YHuang_freei/(2015 KK175)
../data/YHuang_freei/(2015 KJ175)
../data/YHuang_freei/(2015 KH175)
../data/YHuang_freei/(2015 KG175)
../data/YHuang_freei/(2015 KF175)
../data/YHuang_freei/(2015 KE175)
../data/YHuang_freei/(2015 KD175)
../data/YHuang_freei/(2015 KC175)
../data/YHuang_freei/(2015 KB175)
../data/YHuang_freei/(2015 KA175)
../data/YHuang_freei/(2015 KN174)
../data/YHuang_freei/(2015 KM174)
../data/YHuang_freei/(2015 KL174)
../data/YHuang_freei/(2015 KK174)
../data/YHuang_freei/(2015 KJ174)
../data/YHuang_freei/(2015 KB174)
../data/YHuang_freei/(2015 KA174)
../data/YHuang_freei/(2015 KW173)
../data/YHuang_freei/(2015 KV173)
../data/YHuang_freei/(2015 KU173)
../data/YHuang_freei/(2015 KT173)
../data/YHuang_freei/(2015 KS173)
../data/YHuang_freei/(2015 KQ173)
../data/YHuang_freei/(2015 KP173)
../data/YHuang_freei/(2015 KO173)
../data/YHuang_freei/(2015 KN173)
../data/YHuang_freei/(2015 KM173)
../data/YHuang_freei/(2015 KL173)
../data/YHuang_freei/(2015 KH173)
../data/YHuang_freei/(2015 KG173)
../data/YHuang_freei/(2015 KF173)
../data/YHuang_freei/(2015 KE173)
../data/YHuang_freei/(2015 KD173)
../data/YHuang_freei/(2015 KC173)
../data/YHuang_freei/(2015 KL167)
../data/YHuang_freei/(2015 HZ196)
../data/YHuang_freei/(2015 GJ59)
../data/YHuang_freei/(2015 GH59)
../data/YHuang_freei/(2015 GG59)
../data/YHuang_freei/(2015 GF59)
../data/YHuang_freei/(2015 GE59)
../data/YHuang_freei/(2015 GD59)
../data/YHuang_freei/(2015 GC59)
../data/YHuang_freei/(2015 GB59)
../data/YHuang_freei/(2015 GA59)
../data/YHuang_freei/(2015 GZ58)
../data/YHuang_freei/(2015 GY58)
../data/YHuang_freei/(2015 GX58)
../data/YHuang_freei/(2015 GW58)
../data/YHuang_freei/(2015 GV58)
../data/YHuang_freei/(2015 GU58)
../data/YHuang_freei/(2015 GT58)
../data/YHuang_freei/(2015 GS58)
../data/YHuang_freei/(2015 GR58)
../data/YHuang_freei/(2015 GQ58)
../data/YHuang_freei/(2015 GP58)
../data/YHuang_freei/(2015 GO58)
../data/YHuang_freei/(2015 GN58)
../data/YHuang_freei/(2015 GM58)
../data/YHuang_freei/(2015 GL58)
../data/YHuang_freei/(2015 GK58)
../data/YHuang_freei/(2015 GJ58)
../data/YHuang_freei/(2015 GH58)
../data/YHuang_freei/(2015 GG58)
../data/YHuang_freei/(2015 GF58)
../data/YHuang_freei/(2015 GE58)
../data/YHuang_freei/(2015 GD58)
../data/YHuang_freei/(2015 GC58)
../data/YHuang_freei/(2015 GB58)
../data/YHuang_freei/(2015 GA58)
../data/YHuang_freei/(2015 GZ57)
../data/YHuang_freei/(2015 GY57)
../data/YHuang_freei/(2015 GX57)
../data/YHuang_freei/(2015 GW57)
../data/YHuang_freei/(2015 GV57)
../data/YHuang_freei/(2015 GU57)
../data/YHuang_freei/(2015 GT57)
../data/YHuang_freei/(2015 GS57)
../data/YHuang_freei/(2015 GR57)
../data/YHuang_freei/(2015 GQ57)
../data/YHuang_freei/(2015 GP57)
../data/YHuang_freei/(2015 GO57)
../data/YHuang_freei/(2015 GN57)
../data/YHuang_freei/(2015 GM57)
../data/YHuang_freei/(2015 GL57)
../data/YHuang_freei/(2015 GK57)
../data/YHuang_freei/(2015 GJ57)
../data/YHuang_freei/(2015 GH57)
../data/YHuang_freei/(2015 GG57)
../data/YHuang_freei/(2015 GF57)
../data/YHuang_freei/(2015 GE57)
../data/YHuang_freei/(2015 GD57)
../data/YHuang_freei/(2015 GC57)
../data/YHuang_freei/(2015 GB57)
../data/YHuang_freei/(2015 GA57)
../data/YHuang_freei/(2015 GZ56)
../data/YHuang_freei/(2015 GY56)
../data/YHuang_freei/(2015 GX56)
../data/YHuang_freei/(2015 GW56)
../data/YHuang_freei/(2015 GV56)
../data/YHuang_freei/(2015 GU56)
../data/YHuang_freei/(2015 GT56)
../data/YHuang_freei/(2015 GS56)
../data/YHuang_freei/(2015 GR56)
../data/YHuang_freei/(2015 GQ56)
../data/YHuang_freei/(2015 GP56)
../data/YHuang_freei/(2015 GO56)
../data/YHuang_freei/(2015 GN56)
../data/YHuang_freei/(2015 GM56)
../data/YHuang_freei/(2015 GL56)
../data/YHuang_freei/(2015 GK56)
../data/YHuang_freei/(2015 GJ56)
../data/YHuang_freei/(2015 GH56)
../data/YHuang_freei/(2015 GG56)
../data/YHuang_freei/(2015 GF56)
../data/YHuang_freei/(2015 GE56)
../data/YHuang_freei/(2015 GT55)
../data/YHuang_freei/(2015 GS55)
../data/YHuang_freei/(2015 GQ55)
../data/YHuang_freei/(2015 GO55)
../data/YHuang_freei/(2015 GL55)
../data/YHuang_freei/(2015 GK55)
../data/YHuang_freei/(2015 GJ55)
../data/YHuang_freei/(2015 GH55)
../data/YHuang_freei/(2015 GG55)
../data/YHuang_freei/(2015 GF55)
../data/YHuang_freei/(2015 GE55)
../data/YHuang_freei/(2015 GD55)
../data/YHuang_freei/(2015 GC55)
../data/YHuang_freei/(2015 GZ54)
../data/YHuang_freei/(2015 GV54)
../data/YHuang_freei/(2015 GS54)
../data/YHuang_freei/(2015 GN54)
../data/YHuang_freei/(2015 GM54)
../data/YHuang_freei/(2015 GL54)
../data/YHuang_freei/(2015 GK54)
../data/YHuang_freei/(2015 GG54)
../data/YHuang_freei/(2015 GY51)
../data/YHuang_freei/(2015 GQ50)
../data/YHuang_freei/(2015 FW392)
../data/YHuang_freei/(2015 FS345)
../data/YHuang_freei/(2015 DZ250)
../data/YHuang_freei/(2015 BA519)
../data/YHuang_freei/(2015 BY518)
../data/YHuang_freei/(2015 BS518)
../data/YHuang_freei/(2015 BQ518)
../data/YHuang_freei/(2015 BP518)
../data/YHuang_freei/(2015 BL518)
../data/YHuang_freei/(2015 AQ293)
../data/YHuang_freei/(2015 AL281)
../data/YHuang_freei/(2015 AJ281)
../data/YHuang_freei/(2014 YK92)
../data/YHuang_freei/(2014 YJ92)
../data/YHuang_freei/(2014 YF92)
../data/YHuang_freei/(2014 YW91)
../data/YHuang_freei/(2014 YU72)
../data/YHuang_freei/(2014 YT72)
../data/YHuang_freei/(2014 YR72)
../data/YHuang_freei/(2014 YA50)
../data/YHuang_freei/(2014 XT54)
../data/YHuang_freei/(2014 XS54)
../data/YHuang_freei/(2014 XC48)
../data/YHuang_freei/(2014 XA48)
../data/YHuang_freei/(2014 XZ47)
../data/YHuang_freei/(2014 XW47)
../data/YHuang_freei/(2014 XZ40)
../data/YHuang_freei/(2014 XY40)
../data/YHuang_freei/(2014 WM602)
../data/YHuang_freei/(2014 WL602)
../data/YHuang_freei/(2014 WG602)
../data/YHuang_freei/(2014 WD602)
../data/YHuang_freei/(2014 WB602)
../data/YHuang_freei/(2014 WA602)
../data/YHuang_freei/(2014 WX601)
../data/YHuang_freei/(2014 WC556)
../data/YHuang_freei/(2014 WZ555)
../data/YHuang_freei/(2014 WD536)
../data/YHuang_freei/(2014 WC536)
../data/YHuang_freei/(2014 WE510)
../data/YHuang_freei/(2014 WB510)
../data/YHuang_freei/(2014 WW509)
../data/YHuang_freei/(2014 WS509)
../data/YHuang_freei/(2014 WP509)
../data/YHuang_freei/(2014 WM509)
../data/YHuang_freei/(2014 WF509)
../data/YHuang_freei/(2014 WB509)
../data/YHuang_freei/(2014 VO43)
../data/YHuang_freei/(2014 VL43)
../data/YHuang_freei/(2014 VK43)
../data/YHuang_freei/(2014 VV39)
../data/YHuang_freei/(2014 VW37)
../data/YHuang_freei/(2014 UU277)
../data/YHuang_freei/(2014 UT277)
../data/YHuang_freei/(2014 UR277)
../data/YHuang_freei/(2014 UQ277)
../data/YHuang_freei/(2014 UN277)
../data/YHuang_freei/(2014 UJ277)
../data/YHuang_freei/(2014 UH277)
../data/YHuang_freei/(2014 UG277)
../data/YHuang_freei/(2014 UF277)
../data/YHuang_freei/(2014 UA277)
../data/YHuang_freei/(2014 UZ276)
../data/YHuang_freei/(2014 UX276)
../data/YHuang_freei/(2014 UW276)
../data/YHuang_freei/(2014 UO250)
../data/YHuang_freei/(2014 UN250)
../data/YHuang_freei/(2014 UF241)
../data/YHuang_freei/(2014 UE241)
../data/YHuang_freei/(2014 UD241)
../data/YHuang_freei/(2014 UM233)
../data/YHuang_freei/(2014 UK231)
../data/YHuang_freei/(2014 UC230)
../data/YHuang_freei/(2014 UZ229)
../data/YHuang_freei/(2014 UU229)
../data/YHuang_freei/(2014 UT229)
../data/YHuang_freei/(2014 UR229)
../data/YHuang_freei/(2014 UP229)
../data/YHuang_freei/(2014 UO229)
../data/YHuang_freei/(2014 UN229)
../data/YHuang_freei/(2014 UM229)
../data/YHuang_freei/(2014 UL229)
../data/YHuang_freei/(2014 UK229)
../data/YHuang_freei/(2014 UJ229)
../data/YHuang_freei/(2014 UH229)
../data/YHuang_freei/(2014 UE229)
../data/YHuang_freei/(2014 UC229)
../data/YHuang_freei/(2014 UB229)
../data/YHuang_freei/(2014 UZ228)
../data/YHuang_freei/(2014 UY228)
../data/YHuang_freei/(2014 UV228)
../data/YHuang_freei/(2014 UU228)
../data/YHuang_freei/(2014 UQ228)
../data/YHuang_freei/(2014 UP228)
../data/YHuang_freei/(2014 UO228)
../data/YHuang_freei/(2014 UN228)
../data/YHuang_freei/(2014 UM228)
../data/YHuang_freei/(2014 UL228)
../data/YHuang_freei/(2014 UJ228)
../data/YHuang_freei/(2014 UF228)
../data/YHuang_freei/(2014 UC228)
../data/YHuang_freei/(2014 UB225)
../data/YHuang_freei/(2014 UO224)
../data/YHuang_freei/(2014 UF224)
../data/YHuang_freei/(2014 TD116)
../data/YHuang_freei/(2014 TA116)
../data/YHuang_freei/(2014 TZ115)
../data/YHuang_freei/(2014 TX115)
../data/YHuang_freei/(2014 TW115)
../data/YHuang_freei/(2014 TV115)
../data/YHuang_freei/(2014 TR115)
../data/YHuang_freei/(2014 TQ115)
../data/YHuang_freei/(2014 TK115)
../data/YHuang_freei/(2014 TH115)
../data/YHuang_freei/(2014 TG115)
../data/YHuang_freei/(2014 TD115)
../data/YHuang_freei/(2014 TA115)
../data/YHuang_freei/(2014 TY114)
../data/YHuang_freei/(2014 TL95)
../data/YHuang_freei/(2014 TF86)
../data/YHuang_freei/(2014 TE86)
../data/YHuang_freei/(2014 TB86)
../data/YHuang_freei/(2014 TX85)
../data/YHuang_freei/(2014 TT85)
../data/YHuang_freei/(2014 SR404)
../data/YHuang_freei/(2014 SL404)
../data/YHuang_freei/(2014 SF404)
../data/YHuang_freei/(2014 SC404)
../data/YHuang_freei/(2014 SB404)
../data/YHuang_freei/(2014 SZ403)
../data/YHuang_freei/(2014 SW403)
../data/YHuang_freei/(2014 SV403)
../data/YHuang_freei/(2014 SS403)
../data/YHuang_freei/(2014 SL403)
../data/YHuang_freei/(2014 SB374)
../data/YHuang_freei/(2014 SA374)
../data/YHuang_freei/(2014 SX373)
../data/YHuang_freei/(2014 SQ373)
../data/YHuang_freei/(2014 SP373)
../data/YHuang_freei/(2014 SO373)
../data/YHuang_freei/(2014 SM373)
../data/YHuang_freei/(2014 SA365)
../data/YHuang_freei/(2014 SO363)
../data/YHuang_freei/(2014 SN363)
../data/YHuang_freei/(2014 SM363)
../data/YHuang_freei/(2014 SQ350)
../data/YHuang_freei/(2014 SN350)
../data/YHuang_freei/(2014 SC350)
../data/YHuang_freei/(2014 RY86)
../data/YHuang_freei/(2014 RX86)
../data/YHuang_freei/(2014 RW86)
../data/YHuang_freei/(2014 RU86)
../data/YHuang_freei/(2014 RT86)
../data/YHuang_freei/(2014 RS86)
../data/YHuang_freei/(2014 RO86)
../data/YHuang_freei/(2014 RM86)
../data/YHuang_freei/(2014 RN74)
../data/YHuang_freei/(2014 RL74)
../data/YHuang_freei/(2014 RJ70)
../data/YHuang_freei/(2014 QZ562)
../data/YHuang_freei/(2014 QY562)
../data/YHuang_freei/(2014 QX562)
../data/YHuang_freei/(2014 QV562)
../data/YHuang_freei/(2014 QU562)
../data/YHuang_freei/(2014 QT562)
../data/YHuang_freei/(2014 QM562)
../data/YHuang_freei/(2014 QL562)
../data/YHuang_freei/(2014 QK562)
../data/YHuang_freei/(2014 QF562)
../data/YHuang_freei/(2014 QB527)
../data/YHuang_freei/(2014 QZ510)
../data/YHuang_freei/(2014 QY510)
../data/YHuang_freei/(2014 QX510)
../data/YHuang_freei/(2014 QV510)
../data/YHuang_freei/(2014 QU510)
../data/YHuang_freei/(2014 QT510)
../data/YHuang_freei/(2014 QU495)
../data/YHuang_freei/(2014 QF442)
../data/YHuang_freei/(2014 QE442)
../data/YHuang_freei/(2014 QW441)
../data/YHuang_freei/(2014 QU441)
../data/YHuang_freei/(2014 QM441)
../data/YHuang_freei/(2014 QF433)
../data/YHuang_freei/(2014 PS70)
../data/YHuang_freei/(2014 OM394)
../data/YHuang_freei/(2014 OF394)
../data/YHuang_freei/(2014 OD394)
../data/YHuang_freei/(2014 OC394)
../data/YHuang_freei/(2014 OA394)
../data/YHuang_freei/(2014 OW393)
../data/YHuang_freei/(2014 OV393)
../data/YHuang_freei/(2014 NT86)
../data/YHuang_freei/(2014 ND81)
../data/YHuang_freei/(2014 NB66)
../data/YHuang_freei/(2014 NA66)
../data/YHuang_freei/(2014 NZ65)
../data/YHuang_freei/(2014 NY65)
../data/YHuang_freei/(2014 MH70)
../data/YHuang_freei/(2014 MG70)
../data/YHuang_freei/(2014 MF70)
../data/YHuang_freei/(2014 ME70)
../data/YHuang_freei/(2014 MB70)
../data/YHuang_freei/(2014 MH55)
../data/YHuang_freei/(2014 LT28)
../data/YHuang_freei/(2014 LQ28)
../data/YHuang_freei/(2014 LO28)
../data/YHuang_freei/(2014 KD102)
../data/YHuang_freei/(2014 KC102)
../data/YHuang_freei/(2014 KX101)
../data/YHuang_freei/(2014 KT101)
../data/YHuang_freei/(2014 JQ92)
../data/YHuang_freei/(2014 JT80)
../data/YHuang_freei/(2014 HP233)
Particle ejected
../data/YHuang_freei/(2014 HV208)
../data/YHuang_freei/(2014 GK65)
../data/YHuang_freei/(2014 GK54)
../data/YHuang_freei/(2014 GJ54)
../data/YHuang_freei/(2014 GE54)
../data/YHuang_freei/(2014 GT53)
../data/YHuang_freei/(2014 FG72)
../data/YHuang_freei/(2014 FY71)
../data/YHuang_freei/(2014 FC62)
../data/YHuang_freei/(2014 FX61)
../data/YHuang_freei/(2014 FP43)
../data/YHuang_freei/(2014 DT112)
../data/YHuang_freei/(2014 BD70)
../data/YHuang_freei/(2014 AM55)
../data/YHuang_freei/(2013 YD169)
../data/YHuang_freei/(2013 XM40)
../data/YHuang_freei/(2013 XU33)
../data/YHuang_freei/(2013 WC139)
../data/YHuang_freei/(2013 WB139)
../data/YHuang_freei/(2013 WA139)
../data/YHuang_freei/(2013 WJ123)
../data/YHuang_freei/(2013 WH123)
../data/YHuang_freei/(2013 WG114)
../data/YHuang_freei/(2013 VJ72)
Particle ejected
../data/YHuang_freei/(2013 VH72)
../data/YHuang_freei/(2013 VF72)
../data/YHuang_freei/(2013 VE72)
../data/YHuang_freei/(2013 VC72)
../data/YHuang_freei/(2013 VY71)
../data/YHuang_freei/(2013 VA72)
../data/YHuang_freei/(2013 VX71)
../data/YHuang_freei/(2013 VW71)
../data/YHuang_freei/(2013 VV71)
../data/YHuang_freei/(2013 VT71)
../data/YHuang_freei/(2013 VS71)
../data/YHuang_freei/(2013 VR71)
../data/YHuang_freei/(2013 VQ71)
../data/YHuang_freei/(2013 VO71)
../data/YHuang_freei/(2013 VR46)
../data/YHuang_freei/(2013 VQ46)
../data/YHuang_freei/(2013 VN46)
../data/YHuang_freei/(2013 VL46)
../data/YHuang_freei/(2013 VK46)
../data/YHuang_freei/(2013 VZ31)
../data/YHuang_freei/(2013 UL49)
../data/YHuang_freei/(2013 UP44)
../data/YHuang_freei/(2013 UF31)
../data/YHuang_freei/(2013 UT22)
../data/YHuang_freei/(2013 UR22)
../data/YHuang_freei/(2013 UX18)
../data/YHuang_freei/(2013 UW18)
../data/YHuang_freei/(2013 UG18)
../data/YHuang_freei/(2013 UF18)
../data/YHuang_freei/(2013 UE18)
../data/YHuang_freei/(2013 UD18)
../data/YHuang_freei/(2013 UC18)
../data/YHuang_freei/(2013 UB18)
../data/YHuang_freei/(2013 UA18)
../data/YHuang_freei/(2013 UY17)
../data/YHuang_freei/(2013 UX17)
../data/YHuang_freei/(2013 UW17)
../data/YHuang_freei/(2013 UV17)
../data/YHuang_freei/(2013 UT17)
../data/YHuang_freei/(2013 US17)
../data/YHuang_freei/(2013 UR17)
../data/YHuang_freei/(2013 UP17)
../data/YHuang_freei/(2013 UN17)
../data/YHuang_freei/(2013 UM17)
../data/YHuang_freei/(2013 UL17)
../data/YHuang_freei/(2013 UK17)
../data/YHuang_freei/(2013 UJ17)
../data/YHuang_freei/(2013 UG17)
../data/YHuang_freei/(2013 UF17)
../data/YHuang_freei/(2013 UE17)
../data/YHuang_freei/(2013 UA17)
../data/YHuang_freei/(2013 UZ16)
../data/YHuang_freei/(2013 UY16)
../data/YHuang_freei/(2013 UX16)
../data/YHuang_freei/(2013 UW16)
../data/YHuang_freei/(2013 UQ15)
../data/YHuang_freei/(2013 UP15)
../data/YHuang_freei/(2013 UO15)
../data/YHuang_freei/(2013 UN15)
../data/YHuang_freei/(2013 TS229)
../data/YHuang_freei/(2013 TQ229)
../data/YHuang_freei/(2013 TP229)
../data/YHuang_freei/(2013 TO229)
../data/YHuang_freei/(2013 TN229)
../data/YHuang_freei/(2013 TM229)
../data/YHuang_freei/(2013 TH229)
../data/YHuang_freei/(2013 TG229)
../data/YHuang_freei/(2013 TE229)
../data/YHuang_freei/(2013 TD229)
../data/YHuang_freei/(2013 TB229)
../data/YHuang_freei/(2013 TA229)
../data/YHuang_freei/(2013 TZ228)
../data/YHuang_freei/(2013 TY228)
../data/YHuang_freei/(2013 TX228)
../data/YHuang_freei/(2013 TW228)
../data/YHuang_freei/(2013 TV228)
../data/YHuang_freei/(2013 TU228)
../data/YHuang_freei/(2013 TT228)
../data/YHuang_freei/(2013 TS228)
../data/YHuang_freei/(2013 TQ228)
../data/YHuang_freei/(2013 TP228)
../data/YHuang_freei/(2013 TO228)
../data/YHuang_freei/(2013 TM228)
../data/YHuang_freei/(2013 TJ228)
../data/YHuang_freei/(2013 TF228)
../data/YHuang_freei/(2013 TE228)
../data/YHuang_freei/(2013 TC228)
../data/YHuang_freei/(2013 TA228)
../data/YHuang_freei/(2013 TZ227)
../data/YHuang_freei/(2013 TV227)
../data/YHuang_freei/(2013 TU227)
../data/YHuang_freei/(2013 TT227)
../data/YHuang_freei/(2013 TR227)
../data/YHuang_freei/(2013 TQ227)
../data/YHuang_freei/(2013 TP227)
../data/YHuang_freei/(2013 TN227)
../data/YHuang_freei/(2013 TM227)
../data/YHuang_freei/(2013 TL227)
../data/YHuang_freei/(2013 TF188)
../data/YHuang_freei/(2013 TE188)
../data/YHuang_freei/(2013 TD188)
../data/YHuang_freei/(2013 TC188)
../data/YHuang_freei/(2013 TB188)
../data/YHuang_freei/(2013 TA188)
../data/YHuang_freei/(2013 TY187)
../data/YHuang_freei/(2013 TX187)
../data/YHuang_freei/(2013 TW187)
../data/YHuang_freei/(2013 TV187)
../data/YHuang_freei/(2013 TU187)
../data/YHuang_freei/(2013 TT187)
../data/YHuang_freei/(2013 TQ187)
../data/YHuang_freei/(2013 TO187)
../data/YHuang_freei/(2013 TL187)
../data/YHuang_freei/(2013 TK187)
../data/YHuang_freei/(2013 TJ187)
../data/YHuang_freei/(2013 TH187)
../data/YHuang_freei/(2013 TF187)
../data/YHuang_freei/(2013 TE187)
../data/YHuang_freei/(2013 TC187)
../data/YHuang_freei/(2013 TL172)
../data/YHuang_freei/(2013 TK172)
../data/YHuang_freei/(2013 TH172)
../data/YHuang_freei/(2013 TF172)
../data/YHuang_freei/(2013 TD172)
../data/YHuang_freei/(2013 TC172)
../data/YHuang_freei/(2013 TB172)
../data/YHuang_freei/(2013 TA172)
../data/YHuang_freei/(2013 TZ171)
../data/YHuang_freei/(2013 TY171)
../data/YHuang_freei/(2013 TM159)
../data/YHuang_freei/(2013 SH113)
../data/YHuang_freei/(2013 SG113)
../data/YHuang_freei/(2013 SF113)
../data/YHuang_freei/(2013 SE113)
../data/YHuang_freei/(2013 SD113)
../data/YHuang_freei/(2013 SB113)
../data/YHuang_freei/(2013 SA113)
../data/YHuang_freei/(2013 SZ112)
../data/YHuang_freei/(2013 SW112)
../data/YHuang_freei/(2013 SV112)
../data/YHuang_freei/(2013 SU112)
../data/YHuang_freei/(2013 ST112)
../data/YHuang_freei/(2013 SS112)
../data/YHuang_freei/(2013 SQ112)
../data/YHuang_freei/(2013 SN112)
../data/YHuang_freei/(2013 SM112)
../data/YHuang_freei/(2013 SK112)
../data/YHuang_freei/(2013 SJ112)
../data/YHuang_freei/(2013 SH112)
../data/YHuang_freei/(2013 SG112)
../data/YHuang_freei/(2013 SF112)
../data/YHuang_freei/(2013 SE112)
../data/YHuang_freei/(2013 SC112)
../data/YHuang_freei/(2013 SA112)
../data/YHuang_freei/(2013 SN106)
../data/YHuang_freei/(2013 SM106)
../data/YHuang_freei/(2013 SL106)
../data/YHuang_freei/(2013 SK106)
../data/YHuang_freei/(2013 SJ106)
../data/YHuang_freei/(2013 SE106)
../data/YHuang_freei/(2013 SD106)
../data/YHuang_freei/(2013 ST102)
../data/YHuang_freei/(2013 SS102)
../data/YHuang_freei/(2013 SP102)
../data/YHuang_freei/(2013 SO102)
../data/YHuang_freei/(2013 SK102)
../data/YHuang_freei/(2013 SJ102)
../data/YHuang_freei/(2013 SG102)
../data/YHuang_freei/(2013 SG101)
../data/YHuang_freei/(2013 SF101)
../data/YHuang_freei/(2013 SE101)
../data/YHuang_freei/(2013 SD101)
../data/YHuang_freei/(2013 SC101)
../data/YHuang_freei/(2013 SB101)
../data/YHuang_freei/(2013 SZ100)
../data/YHuang_freei/(2013 SY100)
../data/YHuang_freei/(2013 SX100)
../data/YHuang_freei/(2013 SW100)
../data/YHuang_freei/(2013 SV100)
../data/YHuang_freei/(2013 SU100)
../data/YHuang_freei/(2013 ST100)
../data/YHuang_freei/(2013 SS100)
../data/YHuang_freei/(2013 SR100)
../data/YHuang_freei/(2013 SP100)
../data/YHuang_freei/(2013 SO100)
../data/YHuang_freei/(2013 SN100)
../data/YHuang_freei/(2013 SM100)
../data/YHuang_freei/(2013 SL100)
../data/YHuang_freei/(2013 SJ100)
../data/YHuang_freei/(2013 RT158)
../data/YHuang_freei/(2013 RQ158)
../data/YHuang_freei/(2013 RP158)
../data/YHuang_freei/(2013 RO158)
../data/YHuang_freei/(2013 RN158)
../data/YHuang_freei/(2013 RM158)
../data/YHuang_freei/(2013 RL158)
../data/YHuang_freei/(2013 RK158)
../data/YHuang_freei/(2013 RB158)
../data/YHuang_freei/(2013 RA158)
../data/YHuang_freei/(2013 RY157)
../data/YHuang_freei/(2013 RX157)
../data/YHuang_freei/(2013 RW157)
../data/YHuang_freei/(2013 RU157)
../data/YHuang_freei/(2013 RT157)
../data/YHuang_freei/(2013 RS157)
../data/YHuang_freei/(2013 RP157)
../data/YHuang_freei/(2013 RG157)
../data/YHuang_freei/(2013 RE157)
../data/YHuang_freei/(2013 RC157)
../data/YHuang_freei/(2013 RB157)
../data/YHuang_freei/(2013 RZ156)
../data/YHuang_freei/(2013 RX156)
../data/YHuang_freei/(2013 RW156)
../data/YHuang_freei/(2013 RV156)
../data/YHuang_freei/(2013 RQ156)
../data/YHuang_freei/(2013 RO156)
../data/YHuang_freei/(2013 RH156)
../data/YHuang_freei/(2013 RG156)
../data/YHuang_freei/(2013 RF156)
../data/YHuang_freei/(2013 RE156)
../data/YHuang_freei/(2013 RD156)
../data/YHuang_freei/(2013 RZ155)
../data/YHuang_freei/(2013 RY155)
../data/YHuang_freei/(2013 RX155)
../data/YHuang_freei/(2013 RV155)
../data/YHuang_freei/(2013 RU155)
../data/YHuang_freei/(2013 RW128)
../data/YHuang_freei/(2013 RT128)
../data/YHuang_freei/(2013 RX124)
../data/YHuang_freei/(2013 RV124)
../data/YHuang_freei/(2013 RS124)
../data/YHuang_freei/(2013 RR124)
../data/YHuang_freei/(2013 RQ124)
../data/YHuang_freei/(2013 RP124)
../data/YHuang_freei/(2013 RN124)
../data/YHuang_freei/(2013 RK124)
../data/YHuang_freei/(2013 RJ124)
../data/YHuang_freei/(2013 RH124)
../data/YHuang_freei/(2013 RF124)
../data/YHuang_freei/(2013 RD124)
../data/YHuang_freei/(2013 RT109)
../data/YHuang_freei/(2013 RS109)
../data/YHuang_freei/(2013 RP109)
../data/YHuang_freei/(2013 RO109)
../data/YHuang_freei/(2013 RN109)
../data/YHuang_freei/(2013 RL109)
../data/YHuang_freei/(2013 RJ109)
../data/YHuang_freei/(2013 RF109)
../data/YHuang_freei/(2013 RE109)
../data/YHuang_freei/(2013 RC109)
../data/YHuang_freei/(2013 RB109)
../data/YHuang_freei/(2013 RY108)
../data/YHuang_freei/(2013 RX108)
../data/YHuang_freei/(2013 RP98)
../data/YHuang_freei/(2013 RD98)
../data/YHuang_freei/(2013 RB98)
../data/YHuang_freei/(2013 QR99)
../data/YHuang_freei/(2013 QP95)
../data/YHuang_freei/(2013 PE84)
../data/YHuang_freei/(2013 PS76)
../data/YHuang_freei/(2013 PX74)
../data/YHuang_freei/(2013 NM24)
../data/YHuang_freei/(2013 NL24)
../data/YHuang_freei/(2013 NK24)
Particle ejected
../data/YHuang_freei/(2013 MR18)
../data/YHuang_freei/(2013 LY35)
../data/YHuang_freei/(2013 JX67)
../data/YHuang_freei/(2013 JT65)
../data/YHuang_freei/(2013 JS65)
../data/YHuang_freei/(2013 JR65)
../data/YHuang_freei/(2013 JQ65)
../data/YHuang_freei/(2013 JM65)
../data/YHuang_freei/(2013 JH65)
../data/YHuang_freei/(2013 JG65)
../data/YHuang_freei/(2013 JF65)
../data/YHuang_freei/(2013 JE65)
../data/YHuang_freei/(2013 JD65)
../data/YHuang_freei/(2013 JC65)
../data/YHuang_freei/(2013 JB65)
../data/YHuang_freei/(2013 JA65)
../data/YHuang_freei/(2013 JZ64)
../data/YHuang_freei/(2013 JU64)
../data/YHuang_freei/(2013 JS64)
../data/YHuang_freei/(2013 JW63)
../data/YHuang_freei/(2013 JV63)
../data/YHuang_freei/(2013 HW156)
../data/YHuang_freei/(2013 HS156)
../data/YHuang_freei/(2013 HR156)
../data/YHuang_freei/(2013 GM158)
../data/YHuang_freei/(2013 GG138)
../data/YHuang_freei/(2013 GF138)
../data/YHuang_freei/(2013 GE138)
../data/YHuang_freei/(2013 GD138)
../data/YHuang_freei/(2013 GC138)
../data/YHuang_freei/(2013 GB138)
../data/YHuang_freei/(2013 GZ137)
../data/YHuang_freei/(2013 GY137)
../data/YHuang_freei/(2013 GX137)
../data/YHuang_freei/(2013 GU137)
../data/YHuang_freei/(2013 GS137)
../data/YHuang_freei/(2013 GR137)
../data/YHuang_freei/(2013 GP137)
../data/YHuang_freei/(2013 GO137)
../data/YHuang_freei/(2013 GM137)
../data/YHuang_freei/(2013 GJ137)
../data/YHuang_freei/(2013 GH137)
../data/YHuang_freei/(2013 GF137)
../data/YHuang_freei/(2013 GC137)
../data/YHuang_freei/(2013 FK28)
../data/YHuang_freei/(2013 FH28)
../data/YHuang_freei/(2013 FD28)
../data/YHuang_freei/(2013 FA28)
../data/YHuang_freei/(2013 EJ154)
../data/YHuang_freei/(2013 EM149)
../data/YHuang_freei/(2013 CZ242)
../data/YHuang_freei/(2012 YF12)
../data/YHuang_freei/(2012 YO9)
../data/YHuang_freei/(2012 XR157)
../data/YHuang_freei/(2012 WF37)
../data/YHuang_freei/(2012 WD37)
../data/YHuang_freei/(2012 VR128)
../data/YHuang_freei/(2012 VB116)
../data/YHuang_freei/(2012 UE185)
../data/YHuang_freei/(2012 UP177)
../data/YHuang_freei/(2012 UO177)
../data/YHuang_freei/(2012 UN177)
../data/YHuang_freei/(2012 UM177)
../data/YHuang_freei/(2012 UL177)
../data/YHuang_freei/(2012 UH177)
../data/YHuang_freei/(2012 UG177)
../data/YHuang_freei/(2012 TF359)
../data/YHuang_freei/(2012 TF324)
../data/YHuang_freei/(2012 TE324)
../data/YHuang_freei/(2012 TD324)
../data/YHuang_freei/(2012 TC324)
../data/YHuang_freei/(2012 SB67)
../data/YHuang_freei/(2012 HE85)
../data/YHuang_freei/(2012 FN87)
../data/YHuang_freei/(2012 DQ106)
../data/YHuang_freei/(2012 DZ98)
../data/YHuang_freei/(2012 BY154)
../data/YHuang_freei/(2012 BV154)
../data/YHuang_freei/(2011 UK413)
../data/YHuang_freei/(2011 UM412)
../data/YHuang_freei/(2011 UL412)
../data/YHuang_freei/(2011 UK412)
../data/YHuang_freei/(2011 UJ412)
../data/YHuang_freei/(2011 UH412)
../data/YHuang_freei/(2011 UG412)
../data/YHuang_freei/(2011 UF412)
../data/YHuang_freei/(2011 UE412)
../data/YHuang_freei/(2011 UD412)
../data/YHuang_freei/(2011 UC412)
../data/YHuang_freei/(2011 UB412)
../data/YHuang_freei/(2011 UA412)
../data/YHuang_freei/(2011 UZ411)
../data/YHuang_freei/(2011 UY411)
../data/YHuang_freei/(2011 UX411)
../data/YHuang_freei/(2011 UW411)
../data/YHuang_freei/(2011 UV411)
../data/YHuang_freei/(2011 UU411)
../data/YHuang_freei/(2011 UO411)
../data/YHuang_freei/(2011 UN411)
../data/YHuang_freei/(2011 UM411)
../data/YHuang_freei/(2011 UL411)
../data/YHuang_freei/(2011 UJ411)
../data/YHuang_freei/(2011 UH411)
../data/YHuang_freei/(2011 UB411)
../data/YHuang_freei/(2011 UZ410)
../data/YHuang_freei/(2011 UY410)
../data/YHuang_freei/(2011 UX410)
../data/YHuang_freei/(2011 UW410)
../data/YHuang_freei/(2011 UV410)
../data/YHuang_freei/(2011 US410)
../data/YHuang_freei/(2011 UR410)
../data/YHuang_freei/(2011 UQ410)
../data/YHuang_freei/(2011 UP410)
../data/YHuang_freei/(2011 SW281)
../data/YHuang_freei/(2011 OC61)
../data/YHuang_freei/(2011 LJ29)
../data/YHuang_freei/(2011 KN36)
../data/YHuang_freei/(2011 JA32)
../data/YHuang_freei/(2011 JY31)
../data/YHuang_freei/(2011 JX31)
../data/YHuang_freei/(2011 JW31)
../data/YHuang_freei/(2011 HN104)
../data/YHuang_freei/(2011 HJ103)
../data/YHuang_freei/(2011 HF103)
../data/YHuang_freei/(2011 HZ102)
../data/YHuang_freei/(2011 EZ90)
../data/YHuang_freei/(2011 CX119)
../data/YHuang_freei/(2011 BO170)
../data/YHuang_freei/(2011 BS163)
../data/YHuang_freei/(2010 VD253)
../data/YHuang_freei/(2010 VX224)
../data/YHuang_freei/(2010 VR11)
../data/YHuang_freei/(2010 VQ11)
../data/YHuang_freei/(2010 TS195)
../data/YHuang_freei/(2010 TK192)
../data/YHuang_freei/(2010 TG192)
../data/YHuang_freei/(2010 TF192)
../data/YHuang_freei/(2010 TE192)
../data/YHuang_freei/(2010 TD192)
../data/YHuang_freei/(2010 TA192)
../data/YHuang_freei/(2010 TP182)
../data/YHuang_freei/(2010 TN182)
../data/YHuang_freei/(2010 TL182)
../data/YHuang_freei/(2010 TJ182)
../data/YHuang_freei/(2010 SB41)
../data/YHuang_freei/(2010 RK190)
../data/YHuang_freei/(2010 RJ190)
../data/YHuang_freei/(2010 RF188)
../data/YHuang_freei/(2010 RD188)
../data/YHuang_freei/(2010 RN64)
../data/YHuang_freei/(2010 RF64)
../data/YHuang_freei/(2010 RN45)
../data/YHuang_freei/(2010 RM45)
../data/YHuang_freei/(2010 LB136)
../data/YHuang_freei/(2010 KZ39)
../data/YHuang_freei/(2010 JF210)
../data/YHuang_freei/(2010 JK124)
../data/YHuang_freei/(2010 FX86)
../data/YHuang_freei/(2009 YK32)
../data/YHuang_freei/(2009 YR26)
../data/YHuang_freei/(2009 XM26)
../data/YHuang_freei/(2009 UF156)
../data/YHuang_freei/(2009 KO30)
../data/YHuang_freei/(2009 JE19)
../data/YHuang_freei/(2009 DR143)
../data/YHuang_freei/(2009 DL143)
../data/YHuang_freei/(2008 AQ118)
../data/YHuang_freei/(2007 VK302)
../data/YHuang_freei/(2007 VJ302)
../data/YHuang_freei/(2007 TV431)
../data/YHuang_freei/(2007 TZ417)
../data/YHuang_freei/(2007 RX326)
../data/YHuang_freei/(2007 RW326)
../data/YHuang_freei/(2007 RL314)
../data/YHuang_freei/(2007 JF45)
../data/YHuang_freei/(2007 HV90)
../data/YHuang_freei/(2007 FP51)
../data/YHuang_freei/(2007 FM51)
../data/YHuang_freei/(2007 DS101)
../data/YHuang_freei/(2007 CS79)
../data/YHuang_freei/(2007 CR79)
../data/YHuang_freei/(2007 CQ79)
../data/YHuang_freei/(2006 WF206)
../data/YHuang_freei/(2006 WS195)
../data/YHuang_freei/(2006 SF415)
../data/YHuang_freei/(2006 SE415)
../data/YHuang_freei/(2006 QR181)
../data/YHuang_freei/(2006 QF181)
../data/YHuang_freei/(2006 QE181)
../data/YHuang_freei/(2006 QB181)
../data/YHuang_freei/(2006 QA181)
../data/YHuang_freei/(2006 QZ180)
../data/YHuang_freei/(2006 QQ180)
../data/YHuang_freei/(2006 JV58)
../data/YHuang_freei/(2006 JU58)
../data/YHuang_freei/(2006 HE123)
../data/YHuang_freei/(2006 HB123)
../data/YHuang_freei/(2006 HA123)
../data/YHuang_freei/(2006 HZ122)
../data/YHuang_freei/(2006 HW122)
../data/YHuang_freei/(2006 HP122)
../data/YHuang_freei/(2006 HN122)
../data/YHuang_freei/(2006 EX52)
../data/YHuang_freei/(2006 CH69)
../data/YHuang_freei/(2006 BR284)
../data/YHuang_freei/(2005 VA123)
../data/YHuang_freei/(2005 VZ122)
../data/YHuang_freei/(2005 TN74)
../data/YHuang_freei/(2005 SE278)
../data/YHuang_freei/(2005 PS21)
../data/YHuang_freei/(2005 PL21)
../data/YHuang_freei/(2005 NV125)
../data/YHuang_freei/(2005 LB54)
../data/YHuang_freei/(2005 LA54)
../data/YHuang_freei/(2005 JK186)
../data/YHuang_freei/(2005 JJ186)
../data/YHuang_freei/(2005 JB186)
../data/YHuang_freei/(2005 JH177)
../data/YHuang_freei/(2005 JA175)
../data/YHuang_freei/(2005 JZ174)
../data/YHuang_freei/(2005 GF187)
../data/YHuang_freei/(2005 GD187)
../data/YHuang_freei/(2005 GC187)
../data/YHuang_freei/(2005 GA187)
../data/YHuang_freei/(2005 GX186)
../data/YHuang_freei/(2005 EX318)
../data/YHuang_freei/(2005 EW318)
../data/YHuang_freei/(2005 EC318)
../data/YHuang_freei/(2005 EB318)
../data/YHuang_freei/(2005 EM303)
../data/YHuang_freei/(2005 EZ300)
../data/YHuang_freei/(2005 EE296)
../data/YHuang_freei/(2005 CE81)
../data/YHuang_freei/(2005 CA79)
../data/YHuang_freei/(2005 BW49)
../data/YHuang_freei/(2005 BV49)
../data/YHuang_freei/(2004 XX190)
../data/YHuang_freei/(2004 VV131)
../data/YHuang_freei/(2004 VU131)
../data/YHuang_freei/(2004 VF131)
../data/YHuang_freei/(2004 VE131)
../data/YHuang_freei/(2004 VD131)
../data/YHuang_freei/(2004 VC131)
../data/YHuang_freei/(2004 VZ130)
../data/YHuang_freei/(2004 VX130)
../data/YHuang_freei/(2004 VU75)
../data/YHuang_freei/(2004 US10)
../data/YHuang_freei/(2004 UD10)
../data/YHuang_freei/(2004 TV357)
../data/YHuang_freei/(2004 SC60)
../data/YHuang_freei/(2004 QE29)
../data/YHuang_freei/(2004 PY117)
../data/YHuang_freei/(2004 PX117)
../data/YHuang_freei/(2004 PW117)
../data/YHuang_freei/(2004 PV117)
../data/YHuang_freei/(2004 PU117)
../data/YHuang_freei/(2004 PT117)
../data/YHuang_freei/(2004 PB108)
../data/YHuang_freei/(2004 PZ107)
../data/YHuang_freei/(2004 PY107)
../data/YHuang_freei/(2004 PX107)
../data/YHuang_freei/(2004 PW107)
../data/YHuang_freei/(2004 OQ15)
../data/YHuang_freei/(2004 MU8)
../data/YHuang_freei/(2004 MT8)
../data/YHuang_freei/(2004 MS8)
../data/YHuang_freei/(2004 LW31)
../data/YHuang_freei/(2004 KK19)
../data/YHuang_freei/(2004 KJ19)
../data/YHuang_freei/(2004 KH19)
../data/YHuang_freei/(2004 KG19)
../data/YHuang_freei/(2004 KF19)
../data/YHuang_freei/(2004 KE19)
../data/YHuang_freei/(2004 KC19)
../data/YHuang_freei/(2004 KB19)
../data/YHuang_freei/(2004 HP79)
../data/YHuang_freei/(2004 HL79)
../data/YHuang_freei/(2004 HK79)
../data/YHuang_freei/(2004 HH79)
../data/YHuang_freei/(2004 HG79)
../data/YHuang_freei/(2004 HE79)
../data/YHuang_freei/(2004 HD79)
../data/YHuang_freei/(2004 HC79)
../data/YHuang_freei/(2004 HB79)
../data/YHuang_freei/(2004 HZ78)
../data/YHuang_freei/(2004 HX78)
../data/YHuang_freei/(2004 FW164)
../data/YHuang_freei/(2004 FU148)
../data/YHuang_freei/(2004 EJ96)
../data/YHuang_freei/(2004 EV95)
../data/YHuang_freei/(2004 ES95)
../data/YHuang_freei/(2004 DG77)
../data/YHuang_freei/(2004 DM71)
../data/YHuang_freei/(2004 DM64)
../data/YHuang_freei/(2004 DH64)
../data/YHuang_freei/(2003 YX179)
../data/YHuang_freei/(2003 YV179)
../data/YHuang_freei/(2003 YU179)
../data/YHuang_freei/(2003 YT179)
../data/YHuang_freei/(2003 YS179)
../data/YHuang_freei/(2003 YR179)
../data/YHuang_freei/(2003 YP179)
../data/YHuang_freei/(2003 YN179)
../data/YHuang_freei/(2003 YM179)
../data/YHuang_freei/(2003 YK179)
../data/YHuang_freei/(2003 YJ179)
../data/YHuang_freei/(2003 WO193)
../data/YHuang_freei/(2003 WU188)
../data/YHuang_freei/(2003 UK293)
../data/YHuang_freei/(2003 UP292)
../data/YHuang_freei/(2003 UN292)
../data/YHuang_freei/(2003 UB292)
../data/YHuang_freei/(2003 UZ291)
../data/YHuang_freei/(2003 UV291)
../data/YHuang_freei/(2003 UT291)
../data/YHuang_freei/(2003 UN284)
../data/YHuang_freei/(2003 TL58)
../data/YHuang_freei/(2003 TK58)
../data/YHuang_freei/(2003 TJ58)
../data/YHuang_freei/(2003 SR317)
../data/YHuang_freei/(2003 SQ317)
../data/YHuang_freei/(2003 SO317)
../data/YHuang_freei/(2003 SN317)
../data/YHuang_freei/(2003 QE112)
../data/YHuang_freei/(2003 QB112)
../data/YHuang_freei/(2003 QZ111)
../data/YHuang_freei/(2003 QY111)
../data/YHuang_freei/(2003 QX111)
../data/YHuang_freei/(2003 QX91)
../data/YHuang_freei/(2003 QT91)
../data/YHuang_freei/(2003 QS91)
../data/YHuang_freei/(2003 QR91)
../data/YHuang_freei/(2003 QO91)
../data/YHuang_freei/(2003 QN91)
../data/YHuang_freei/(2003 QM91)
../data/YHuang_freei/(2003 QL91)
../data/YHuang_freei/(2003 QJ91)
../data/YHuang_freei/(2003 QG91)
../data/YHuang_freei/(2003 QF91)
../data/YHuang_freei/(2003 QE91)
../data/YHuang_freei/(2003 QD91)
../data/YHuang_freei/(2003 QB91)
../data/YHuang_freei/(2003 QY90)
../data/YHuang_freei/(2003 QX90)
../data/YHuang_freei/(2003 QV90)
../data/YHuang_freei/(2003 QT90)
../data/YHuang_freei/(2003 LD9)
../data/YHuang_freei/(2003 KO20)
../data/YHuang_freei/(2003 HO57)
../data/YHuang_freei/(2003 HM57)
../data/YHuang_freei/(2003 HH57)
../data/YHuang_freei/(2003 HG57)
../data/YHuang_freei/(2003 HE57)
../data/YHuang_freei/(2003 HD57)
../data/YHuang_freei/(2003 HA57)
../data/YHuang_freei/(2003 HZ56)
../data/YHuang_freei/(2003 HX56)
../data/YHuang_freei/(2003 GF55)
../data/YHuang_freei/(2003 FA130)
../data/YHuang_freei/(2003 FM127)
../data/YHuang_freei/(2002 WL21)
../data/YHuang_freei/(2002 VD138)
../data/YHuang_freei/(2002 VF131)
../data/YHuang_freei/(2002 VD131)
../data/YHuang_freei/(2002 VB131)
../data/YHuang_freei/(2002 VX130)
../data/YHuang_freei/(2002 VV130)
../data/YHuang_freei/(2002 VF130)
../data/YHuang_freei/(2002 VE130)
../data/YHuang_freei/(2002 VD130)
../data/YHuang_freei/(2002 TH301)
../data/YHuang_freei/(2002 PC171)
../data/YHuang_freei/(2002 PA171)
../data/YHuang_freei/(2002 PY170)
../data/YHuang_freei/(2002 PX170)
../data/YHuang_freei/(2002 PV170)
../data/YHuang_freei/(2002 PD155)
../data/YHuang_freei/(2002 PG150)
../data/YHuang_freei/(2002 PR149)
../data/YHuang_freei/(2002 PP149)
../data/YHuang_freei/(2002 PO149)
../data/YHuang_freei/(2002 GY32)
../data/YHuang_freei/(2002 GV32)
../data/YHuang_freei/(2002 GS32)
../data/YHuang_freei/(2002 GL32)
../data/YHuang_freei/(2002 GH32)
../data/YHuang_freei/(2002 FX36)
../data/YHuang_freei/(2002 FW36)
../data/YHuang_freei/(2002 FV6)
../data/YHuang_freei/(2002 CD251)
../data/YHuang_freei/(2002 CB225)
../data/YHuang_freei/(2002 CZ224)
../data/YHuang_freei/(2002 CX224)
../data/YHuang_freei/(2002 CZ154)
../data/YHuang_freei/(2002 CY154)
../data/YHuang_freei/(2002 CU154)
../data/YHuang_freei/(2002 CT154)
../data/YHuang_freei/(2002 CS154)
../data/YHuang_freei/(2001 XX254)
../data/YHuang_freei/(2001 XU254)
../data/YHuang_freei/(2001 UN18)
../data/YHuang_freei/(2001 RY143)
../data/YHuang_freei/(2001 RW143)
../data/YHuang_freei/(2001 QW322)
../data/YHuang_freei/(2001 QS322)
../data/YHuang_freei/(2001 QQ322)
../data/YHuang_freei/(2001 QH298)
../data/YHuang_freei/(2001 QE298)
../data/YHuang_freei/(2001 QC298)
../data/YHuang_freei/(2001 QA298)
../data/YHuang_freei/(2001 QZ297)
../data/YHuang_freei/(2001 QX297)
../data/YHuang_freei/(2001 QR297)
../data/YHuang_freei/(2001 QQ297)
../data/YHuang_freei/(2001 QP297)
../data/YHuang_freei/(2001 QO297)
../data/YHuang_freei/(2001 PK47)
../data/YHuang_freei/(2001 OG109)
../data/YHuang_freei/(2001 OZ108)
../data/YHuang_freei/(2001 OQ108)
../data/YHuang_freei/(2001 OK108)
../data/YHuang_freei/(2001 KO77)
../data/YHuang_freei/(2001 KE77)
../data/YHuang_freei/(2001 KD77)
../data/YHuang_freei/(2001 KY76)
../data/YHuang_freei/(2001 KW76)
../data/YHuang_freei/(2001 KQ76)
../data/YHuang_freei/(2001 KL76)
../data/YHuang_freei/(2001 KH76)
../data/YHuang_freei/(2001 KF76)
../data/YHuang_freei/(2001 HA59)
../data/YHuang_freei/(2001 HZ58)
../data/YHuang_freei/(2001 FK193)
../data/YHuang_freei/(2001 FT185)
../data/YHuang_freei/(2001 FL185)
../data/YHuang_freei/(2001 FK185)
../data/YHuang_freei/(2001 FU172)
../data/YHuang_freei/(2001 ES24)
../data/YHuang_freei/(2001 DD106)
../data/YHuang_freei/(2001 DC106)
../data/YHuang_freei/(2001 DB106)
../data/YHuang_freei/(2000 YF2)
../data/YHuang_freei/(2000 YA2)
../data/YHuang_freei/(2000 YX1)
../data/YHuang_freei/(2000 YV1)
../data/YHuang_freei/(2000 WO183)
../data/YHuang_freei/(2000 WM183)
../data/YHuang_freei/(2000 WL183)
../data/YHuang_freei/(2000 WT169)
../data/YHuang_freei/(2000 WV12)
../data/YHuang_freei/(2000 SY370)
../data/YHuang_freei/(2000 QL252)
../data/YHuang_freei/(2000 QN251)
../data/YHuang_freei/(2000 QA243)
../data/YHuang_freei/(2000 QL226)
../data/YHuang_freei/(2000 QH226)
../data/YHuang_freei/(2000 QE226)
../data/YHuang_freei/(2000 QC226)
../data/YHuang_freei/(2000 PN30)
../data/YHuang_freei/(2000 PM30)
../data/YHuang_freei/(2000 PL30)
../data/YHuang_freei/(2000 PG30)
../data/YHuang_freei/(2000 PC30)
../data/YHuang_freei/(2000 PD30)
../data/YHuang_freei/(2000 PA30)
../data/YHuang_freei/(2000 PY29)
../data/YHuang_freei/(2000 PX29)
../data/YHuang_freei/(2000 PW29)
../data/YHuang_freei/(2000 PU29)
../data/YHuang_freei/(2000 OU69)
../data/YHuang_freei/(2000 OP67)
../data/YHuang_freei/(2000 ON67)
../data/YHuang_freei/(2000 OH67)
../data/YHuang_freei/(2000 KK4)
../data/YHuang_freei/(2000 JF81)
../data/YHuang_freei/(2000 GY146)
../data/YHuang_freei/(2000 GX146)
../data/YHuang_freei/(2000 GV146)
../data/YHuang_freei/(2000 FT53)
../data/YHuang_freei/(2000 FS53)
../data/YHuang_freei/(2000 FR53)
../data/YHuang_freei/(2000 FH8)
../data/YHuang_freei/(2000 FG8)
../data/YHuang_freei/(2000 FF8)
../data/YHuang_freei/(2000 FC8)
../data/YHuang_freei/(2000 CN114)
../data/YHuang_freei/(2000 CO105)
../data/YHuang_freei/(2000 CL105)
../data/YHuang_freei/(2000 CJ105)
../data/YHuang_freei/(2000 CG105)
../data/YHuang_freei/(2000 CF105)
../data/YHuang_freei/(2000 CE105)
../data/YHuang_freei/(2000 CP104)
../data/YHuang_freei/(2000 CL104)
../data/YHuang_freei/(1999 XY143)
../data/YHuang_freei/(1999 RX215)
../data/YHuang_freei/(1999 RV215)
../data/YHuang_freei/(1999 RK215)
../data/YHuang_freei/(1999 RG215)
../data/YHuang_freei/(1999 RC215)
../data/YHuang_freei/(1999 RX214)
../data/YHuang_freei/(1999 RW214)
../data/YHuang_freei/(1999 RT214)
../data/YHuang_freei/(1999 OK4)
../data/YHuang_freei/(1999 OH4)
../data/YHuang_freei/(1999 OD4)
../data/YHuang_freei/(1999 OC4)
../data/YHuang_freei/(1999 OA4)
../data/YHuang_freei/(1999 OZ3)
../data/YHuang_freei/(1999 KR18)
../data/YHuang_freei/(1999 JD132)
../data/YHuang_freei/(1999 HJ12)
../data/YHuang_freei/(1999 HH12)
../data/YHuang_freei/(1999 HG12)
../data/YHuang_freei/(1999 HV11)
../data/YHuang_freei/(1999 HS11)
../data/YHuang_freei/(1999 GS46)
../data/YHuang_freei/(1999 DH8)
../data/YHuang_freei/(1999 DA)
../data/YHuang_freei/(1999 CK158)
../data/YHuang_freei/(1999 CH154)
../data/YHuang_freei/(1999 CG154)
../data/YHuang_freei/(1999 CU153)
../data/YHuang_freei/(1999 CM153)
../data/YHuang_freei/(1999 CQ133)
../data/YHuang_freei/(1999 CX131)
../data/YHuang_freei/(1999 CN119)
../data/YHuang_freei/(1999 CL119)
../data/YHuang_freei/(1999 CJ119)
../data/YHuang_freei/(1999 CH119)
../data/YHuang_freei/(1999 CC119)
../data/YHuang_freei/(1999 CB119)
../data/YHuang_freei/(1998 WY31)
../data/YHuang_freei/(1998 WX31)
../data/YHuang_freei/(1998 WW31)
../data/YHuang_freei/(1998 WY24)
../data/YHuang_freei/(1998 WX24)
../data/YHuang_freei/(1998 WG24)
../data/YHuang_freei/(1998 KS65)
../data/YHuang_freei/(1998 KY61)
../data/YHuang_freei/(1998 HO151)
../data/YHuang_freei/(1998 HL151)
../data/YHuang_freei/(1998 HH151)
../data/YHuang_freei/(1998 FS144)
../data/YHuang_freei/(1997 QH4)
../data/YHuang_freei/(1997 GA45)
../data/YHuang_freei/(1997 CT29)
../data/YHuang_freei/(1996 TS66)
../data/YHuang_freei/(1996 TK66)
../data/YHuang_freei/(1996 RR20)
../data/YHuang_freei/(1996 RQ20)
../data/YHuang_freei/(1996 KV1)
../data/YHuang_freei/(1995 HM5)
../data/YHuang_freei/(1995 DC2)
../data/YHuang_freei/(1995 DB2)
../data/YHuang_freei/(1994 EV3)
../data/YHuang_freei/(1994 ES2)
../data/YHuang_freei/579246  (2014 OX415)
../data/YHuang_freei/579077  (2014 LP28)
../data/YHuang_freei/579062  (2014 KF113)
../data/YHuang_freei/578997  (2014 JR92)
../data/YHuang_freei/578993  (2014 JP80)
../data/YHuang_freei/578992  (2014 JL80)
../data/YHuang_freei/578834  (2014 GF54)
../data/YHuang_freei/577627  (2013 HZ156)
../data/YHuang_freei/576257  (2012 JD68)
../data/YHuang_freei/576212  (2012 HL85)
../data/YHuang_freei/575713  (2011 UT410)
../data/YHuang_freei/568573  (2004 HN79)
../data/YHuang_freei/567065 (2019 CY4)
../data/YHuang_freei/560552 (2015 GO50)
../data/YHuang_freei/560039 (2015 FP36)
../data/YHuang_freei/559182 (2015 BZ518)
../data/YHuang_freei/559181 (2015 BX518)
../data/YHuang_freei/559180 (2015 BT518)
../data/YHuang_freei/559179 (2015 BR518)
../data/YHuang_freei/558224 (2014 YC50)
../data/YHuang_freei/556416 (2014 OE394)
../data/YHuang_freei/556130 (2014 KV101)
../data/YHuang_freei/556068 (2014 JR80)
../data/YHuang_freei/556067 (2014 JK80)
../data/YHuang_freei/555916 (2014 GB54)
../data/YHuang_freei/555915 (2014 GX53)
../data/YHuang_freei/555820 (2014 EA52)
../data/YHuang_freei/555758 (2014 DP143)
../data/YHuang_freei/555757 (2014 DM143)
../data/YHuang_freei/555678 (2014 CO23)
../data/YHuang_freei/555632 (2014 BZ57)
../data/YHuang_freei/555591 (2014 AF61)
../data/YHuang_freei/555426 (2013 XD26)
../data/YHuang_freei/554982 (2013 JV65)
../data/YHuang_freei/554856 (2013 CF229)
../data/YHuang_freei/554780 (2013 AQ183)
../data/YHuang_freei/554099 (2012 KU50)
../data/YHuang_freei/553898 (2012 BZ159)
../data/YHuang_freei/553893 (2012 BW154)
../data/YHuang_freei/553138 (2011 BQ170)
../data/YHuang_freei/552679 (2010 JH210)
../data/YHuang_freei/552474 (2010 AW153)
../data/YHuang_freei/550564 (2012 PU45)
../data/YHuang_freei/548504 (2010 NF146)
../data/YHuang_freei/547893 (2010 WN75)
../data/YHuang_freei/547617 (2010 TT195)
../data/YHuang_freei/547616 (2010 TR195)
../data/YHuang_freei/545361 (2011 GZ61)
../data/YHuang_freei/544977 (2014 WZ535)
../data/YHuang_freei/543734 (2014 OL394)
../data/YHuang_freei/543733 (2014 OZ393)
../data/YHuang_freei/543454 (2014 HZ199)
../data/YHuang_freei/543375 (2014 BX64)
../data/YHuang_freei/538691 (2016 FW59)
../data/YHuang_freei/538690 (2016 FP59)
../data/YHuang_freei/536922 (2015 FP345)
../data/YHuang_freei/536921 (2015 FO345)
../data/YHuang_freei/536920 (2015 FM345)
../data/YHuang_freei/536919 (2015 FL345)
../data/YHuang_freei/536287 (2015 CL62)
../data/YHuang_freei/535990 (2015 BW518)
../data/YHuang_freei/535989 (2015 BV518)
../data/YHuang_freei/535988 (2015 BU518)
../data/YHuang_freei/535987 (2015 BO518)
../data/YHuang_freei/535986 (2015 BN518)
../data/YHuang_freei/535466 (2015 AK281)
../data/YHuang_freei/535167 (2014 XT40)
../data/YHuang_freei/535032 (2014 WP510)
../data/YHuang_freei/535028 (2014 WA510)
../data/YHuang_freei/535027 (2014 WY509)
../data/YHuang_freei/535026 (2014 WV509)
../data/YHuang_freei/535025 (2014 WT509)
../data/YHuang_freei/535023 (2014 WO509)
../data/YHuang_freei/535022 (2014 WN509)
../data/YHuang_freei/535021 (2014 WL509)
../data/YHuang_freei/535020 (2014 WG509)
../data/YHuang_freei/535018 (2014 WA509)
../data/YHuang_freei/534631 (2014 UX229)
../data/YHuang_freei/534625 (2014 UQ224)
../data/YHuang_freei/534405 (2014 TW85)
../data/YHuang_freei/534315 (2014 SK349)
../data/YHuang_freei/534314 (2014 SJ349)
../data/YHuang_freei/534074 (2014 QZ441)
../data/YHuang_freei/533704 (2014 MZ69)
../data/YHuang_freei/533676 (2014 LS28)
../data/YHuang_freei/533562 (2014 JQ80)
../data/YHuang_freei/533561 (2014 JN80)
../data/YHuang_freei/533506 (2014 HU199)
../data/YHuang_freei/533398 (2014 GA54)
../data/YHuang_freei/533397 (2014 GZ53)
../data/YHuang_freei/533206 (2014 DE143)
../data/YHuang_freei/533205 (2014 DD143)
../data/YHuang_freei/533085 (2014 BW64)
../data/YHuang_freei/533028 (2014 AL55)
../data/YHuang_freei/532095 (2013 HY156)
../data/YHuang_freei/532093 (2013 HV156)
../data/YHuang_freei/532092 (2013 HU156)
../data/YHuang_freei/532039 (2013 FR28)
../data/YHuang_freei/532038 (2013 FB28)
../data/YHuang_freei/532026 (2013 EC138)
../data/YHuang_freei/531917 (2013 BN82)
../data/YHuang_freei/531684 (2012 UE178)
../data/YHuang_freei/531683 (2012 UC178)
../data/YHuang_freei/531682 (2012 UB178)
../data/YHuang_freei/531141 (2012 FK84)
../data/YHuang_freei/531076 (2012 DA99)
../data/YHuang_freei/531040 (2012 CS57)
../data/YHuang_freei/530941 (2011 XJ4)
../data/YHuang_freei/530839 (2011 UK411)
../data/YHuang_freei/530231 (2011 BV163)
../data/YHuang_freei/530055 (2010 VW224)
../data/YHuang_freei/529938 (2010 TM182)
../data/YHuang_freei/529780 (2010 MQ116)
../data/YHuang_freei/528219 (2008 KV42)
../data/YHuang_freei/525816 (2005 SF278)
../data/YHuang_freei/525729 (2005 RQ43)
../data/YHuang_freei/525596 (2005 JR179)
../data/YHuang_freei/525595 (2005 JP179)
../data/YHuang_freei/525462 (2005 EO304)
../data/YHuang_freei/525461 (2005 EN302)
../data/YHuang_freei/525460 (2005 EX297)
../data/YHuang_freei/525258 (2004 VT75)
../data/YHuang_freei/525257 (2004 VS75)
../data/YHuang_freei/524612 (2003 QA112)
../data/YHuang_freei/524531 (2002 XH91)
../data/YHuang_freei/524435 (2002 CY248)
../data/YHuang_freei/524366 (2001 XR254)
../data/YHuang_freei/524217 (2001 RZ143)
../data/YHuang_freei/524216 (2001 RU143)
../data/YHuang_freei/524179 (2001 FQ185)
../data/YHuang_freei/523983 (1999 RY214)
../data/YHuang_freei/523899 (1997 CV29)
../data/YHuang_freei/523793 (2015 OV79)
../data/YHuang_freei/523789 (2015 FN345)
../data/YHuang_freei/523780 (2015 AN281)
../data/YHuang_freei/523776 (2014 YB50)
../data/YHuang_freei/523773 (2014 XS40)
../data/YHuang_freei/523772 (2014 XR40)
../data/YHuang_freei/523766 (2014 WF510)
../data/YHuang_freei/523763 (2014 WZ509)
../data/YHuang_freei/523762 (2014 WX509)
../data/YHuang_freei/523761 (2014 WU509)
../data/YHuang_freei/523758 (2014 WJ509)
../data/YHuang_freei/523757 (2014 WH509)
../data/YHuang_freei/523756 (2014 WD509)
../data/YHuang_freei/523752 (2014 VU37)
../data/YHuang_freei/523751 (2014 UU224)
../data/YHuang_freei/523750 (2014 US224)
../data/YHuang_freei/523748 (2014 UP224)
../data/YHuang_freei/523745 (2014 TD86)
../data/YHuang_freei/523744 (2014 TC86)
../data/YHuang_freei/523743 (2014 TA86)
../data/YHuang_freei/523742 (2014 TZ85)
../data/YHuang_freei/523741 (2014 TY85)
../data/YHuang_freei/523738 (2014 SH349)
../data/YHuang_freei/523736 (2014 QA442)
../data/YHuang_freei/523731 (2014 OK394)
../data/YHuang_freei/523730 (2014 OH394)
../data/YHuang_freei/523725 (2014 MC70)
../data/YHuang_freei/523724 (2014 MA70)
../data/YHuang_freei/523723 (2014 MY69)
../data/YHuang_freei/523721 (2014 LR28)
../data/YHuang_freei/523717 (2014 KY101)
../data/YHuang_freei/523716 (2014 KW101)
../data/YHuang_freei/523715 (2014 KU101)
../data/YHuang_freei/523711 (2014 JH80)
../data/YHuang_freei/523704 (2014 HB200)
../data/YHuang_freei/523703 (2014 HX199)
../data/YHuang_freei/523702 (2014 HW199)
../data/YHuang_freei/523701 (2014 HT199)
../data/YHuang_freei/523700 (2014 GM54)
../data/YHuang_freei/523696 (2014 GW53)
../data/YHuang_freei/523693 (2014 FT71)
../data/YHuang_freei/523691 (2014 DO143)
../data/YHuang_freei/523690 (2014 DN143)
../data/YHuang_freei/523689 (2014 DL143)
../data/YHuang_freei/523688 (2014 DK143)
../data/YHuang_freei/523687 (2014 DF143)
../data/YHuang_freei/523684 (2014 CQ23)
../data/YHuang_freei/523681 (2014 BV64)
../data/YHuang_freei/523678 (2013 XB26)
../data/YHuang_freei/523677 (2013 UF15)
../data/YHuang_freei/523674 (2013 MA12)
../data/YHuang_freei/523659 (2012 HG84)
../data/YHuang_freei/523658 (2012 DW98)
../data/YHuang_freei/523653 (2011 OA60)
../data/YHuang_freei/523647 (2010 VV224)
../data/YHuang_freei/523645 (2010 VK201)
../data/YHuang_freei/523642 (2010 SS43)
../data/YHuang_freei/523640 (2010 RO64)
../data/YHuang_freei/523634 (2010 AH2)
../data/YHuang_freei/523629 (2008 SP266)
../data/YHuang_freei/523627 (2008 QB43)
../data/YHuang_freei/523618 (2007 RT15)
../data/YHuang_freei/523615 (2006 UO321)
../data/YHuang_freei/523601 (2003 UY413)
../data/YHuang_freei/523591 (2001 QD298)
../data/YHuang_freei/523588 (2000 CN105)
../data/YHuang_freei/517717 (2015 KZ120)
../data/YHuang_freei/516977 (2012 HZ84)
../data/YHuang_freei/511555 (2014 UM225)
../data/YHuang_freei/511554 (2014 UL225)
../data/YHuang_freei/511553 (2014 UK225)
../data/YHuang_freei/511552 (2014 UE225)
../data/YHuang_freei/511551 (2014 UD225)
../data/YHuang_freei/508869 (2002 VT130)
../data/YHuang_freei/508823 (2001 RX143)
../data/YHuang_freei/508792 (2000 FX53)
../data/YHuang_freei/508788 (2000 CQ114)
../data/YHuang_freei/508770 (1995 WY2)
../data/YHuang_freei/506121 (2016 BP81)
../data/YHuang_freei/505679 (2014 WT69)
../data/YHuang_freei/505624 (2014 GU53)
../data/YHuang_freei/505477 (2013 UM15)
../data/YHuang_freei/505476 (2013 UL15)
../data/YHuang_freei/505448 (2013 SA100)
../data/YHuang_freei/505447 (2013 SQ99)
../data/YHuang_freei/505446 (2013 SP99)
../data/YHuang_freei/505412 (2013 QO95)
../data/YHuang_freei/504847 (2010 RE188)
../data/YHuang_freei/504555 (2008 SO266)
../data/YHuang_freei/503883 (2001 QF331)
../data/YHuang_freei/503858 (1998 HQ151)
../data/YHuang_freei/501581 (2014 OB394)
../data/YHuang_freei/501546 (2014 JJ80)
../data/YHuang_freei/501105 (2013 SA87)
../data/YHuang_freei/500888 (2013 JP65)
../data/YHuang_freei/500887 (2013 JO65)
../data/YHuang_freei/500886 (2013 JN65)
../data/YHuang_freei/500885 (2013 JL65)
../data/YHuang_freei/500884 (2013 JK65)
../data/YHuang_freei/500883 (2013 JJ65)
../data/YHuang_freei/500881 (2013 JM64)
../data/YHuang_freei/500878 (2013 JG64)
../data/YHuang_freei/500856 (2013 HT156)
../data/YHuang_freei/500840 (2013 GA138)
../data/YHuang_freei/500839 (2013 GW137)
../data/YHuang_freei/500838 (2013 GV137)
../data/YHuang_freei/500837 (2013 GT137)
../data/YHuang_freei/500836 (2013 GQ137)
../data/YHuang_freei/500835 (2013 GN137)
../data/YHuang_freei/500831 (2013 GV136)
../data/YHuang_freei/500830 (2013 GU136)
../data/YHuang_freei/500829 (2013 GT136)
../data/YHuang_freei/500828 (2013 GR136)
../data/YHuang_freei/499514 (2010 OO127)
../data/YHuang_freei/495613 (2015 FG345)
../data/YHuang_freei/493480 (2014 YZ49)
../data/YHuang_freei/491768 (2012 VV113)
../data/YHuang_freei/491767 (2012 VU113)
../data/YHuang_freei/488644 (2003 HY56)
../data/YHuang_freei/487581 (2015 BE519)
../data/YHuang_freei/483002 (2014 QS441)
../data/YHuang_freei/482824 (2013 XC26)
../data/YHuang_freei/472271 (2014 UM33)
../data/YHuang_freei/472262 (2014 QN441)
../data/YHuang_freei/472232 (2014 FW71)
../data/YHuang_freei/472231 (2014 FU71)
../data/YHuang_freei/471954 (2013 RM98)
../data/YHuang_freei/471921 (2013 FC28)
../data/YHuang_freei/471318 (2011 JF31)
../data/YHuang_freei/471288 (2011 GM27)
../data/YHuang_freei/471196 (2010 PK66)
../data/YHuang_freei/470596 (2008 NW4)
../data/YHuang_freei/470523 (2008 CS190)
../data/YHuang_freei/470443 (2007 XV50)
../data/YHuang_freei/470309 (2007 JK43)
../data/YHuang_freei/470308 (2007 JH43)
../data/YHuang_freei/470027 (2006 RC103)
../data/YHuang_freei/469987 (2006 HJ123)
../data/YHuang_freei/469708 (2005 GE187)
../data/YHuang_freei/469707 (2005 GB187)
../data/YHuang_freei/469705 (2005 EF298)
../data/YHuang_freei/469615 (2004 PT107)
../data/YHuang_freei/469610 (2004 HF79)
../data/YHuang_freei/469584 (2003 YW179)
../data/YHuang_freei/469514 (2003 QA91)
../data/YHuang_freei/469509 (2003 HC57)
../data/YHuang_freei/469506 (2003 FF128)
../data/YHuang_freei/469438 (2002 GV31)
../data/YHuang_freei/469420 (2001 XP254)
../data/YHuang_freei/469372 (2001 QF298)
../data/YHuang_freei/469362 (2001 KB77)
../data/YHuang_freei/469361 (2001 HY65)
../data/YHuang_freei/469306 (1999 CD158)
../data/YHuang_freei/468422 (2000 FA8)
../data/YHuang_freei/455209 (2001 KT76)
../data/YHuang_freei/455206 (2001 FE193)
../data/YHuang_freei/455171 (1999 OM4)
../data/YHuang_freei/444745 (2007 JF43)
../data/YHuang_freei/444030 (2004 NT33)
../data/YHuang_freei/444025 (2004 HJ79)
../data/YHuang_freei/444018 (2004 EU95)
../data/YHuang_freei/443843 (2001 FO185)
../data/YHuang_freei/439858 (1999 ON4)
../data/YHuang_freei/437915 (2002 GD32)
../data/YHuang_freei/437871 (2001 FN185)
../data/YHuang_freei/434709 (2006 CJ69)
../data/YHuang_freei/434194 (2003 FK127)
../data/YHuang_freei/427614 (2003 SR422)
../data/YHuang_freei/420356 Praamzius (2012 BX85)
../data/YHuang_freei/416400 (2003 UZ117)
../data/YHuang_freei/415720 (1999 RU215)
../data/YHuang_freei/408832 (2001 QJ298)
../data/YHuang_freei/386723 (2009 YE7)
../data/YHuang_freei/385533 (2004 QD29)
../data/YHuang_freei/385527 (2004 OK14)
../data/YHuang_freei/385458 (2003 SP317)
../data/YHuang_freei/385447 (2003 QF113)
../data/YHuang_freei/385446 Manwe (2003 QW111)
../data/YHuang_freei/385445 (2003 QH91)
../data/YHuang_freei/385437 (2003 GH55)
../data/YHuang_freei/385363 (2002 PW170)
../data/YHuang_freei/385362 (2002 PT170)
../data/YHuang_freei/385266 (2001 QB298)
../data/YHuang_freei/385201 (1999 RN215)
../data/YHuang_freei/385199 (1999 OE4)
../data/YHuang_freei/385194 (1998 KG62)
../data/YHuang_freei/385191 (1997 RT5)
../data/YHuang_freei/364171 (2006 JZ81)
../data/YHuang_freei/363401 (2003 LB7)
../data/YHuang_freei/363330 (2002 PQ145)
../data/YHuang_freei/315530 (2008 AP129)
../data/YHuang_freei/312645 (2010 EP65)
../data/YHuang_freei/308634 (2005 XU100)
../data/YHuang_freei/308193 (2005 CB79)
../data/YHuang_freei/307616 (2003 QW90)
../data/YHuang_freei/307261 (2002 MS4)
../data/YHuang_freei/307251 (2002 KW14)
../data/YHuang_freei/306792 (2001 KQ77)
../data/YHuang_freei/303712 (2005 PR21)
../data/YHuang_freei/275809 (2001 QY297)
../data/YHuang_freei/241097 (2007 DU112)
../data/YHuang_freei/230965 (2004 XA192)
../data/YHuang_freei/202421 (2005 UQ513)
../data/YHuang_freei/184314 Mbabamwanawaresa (2005 EO302)
../data/YHuang_freei/183963 (2004 DJ64)
../data/YHuang_freei/183595 (2003 TG58)
../data/YHuang_freei/182934 (2002 GJ32)
../data/YHuang_freei/182926 (2002 FU6)
../data/YHuang_freei/182294 (2001 KU76)
../data/YHuang_freei/182222 (2000 YU1)
../data/YHuang_freei/181871 (1999 CO153)
../data/YHuang_freei/181855 (1998 WT31)
../data/YHuang_freei/181708 (1993 FW)
../data/YHuang_freei/174567 Varda (2003 MW12)
../data/YHuang_freei/169071 (2001 FR185)
../data/YHuang_freei/168703 (2000 GP183)
../data/YHuang_freei/168700 (2000 GE147)
../data/YHuang_freei/160256 (2002 PD149)
../data/YHuang_freei/160147 (2001 KN76)
../data/YHuang_freei/160091 (2000 OL67)
../data/YHuang_freei/150642 (2001 CZ31)
../data/YHuang_freei/149560 (2003 QZ91)
../data/YHuang_freei/149349 (2002 VA131)
../data/YHuang_freei/149348 (2002 VS130)
../data/YHuang_freei/148780 Altjira (2001 UQ18)
../data/YHuang_freei/148112 (1999 RA216)
../data/YHuang_freei/145453 (2005 RR43)
../data/YHuang_freei/145452 (2005 RN43)
../data/YHuang_freei/143991 (2003 YO179)
../data/YHuang_freei/143751 (2003 US292)
../data/YHuang_freei/139775 (2001 QG298)
../data/YHuang_freei/138628 (2000 QM251)
../data/YHuang_freei/138537 (2000 OK67)
../data/YHuang_freei/137294 (1999 RE215)
../data/YHuang_freei/136472 Makemake (2005 FY9)
../data/YHuang_freei/136108 Haumea (2003 EL61)
../data/YHuang_freei/135742 (2002 PB171)
../data/YHuang_freei/135024 (2001 KO76)
../data/YHuang_freei/134860 (2000 OJ67)
../data/YHuang_freei/134568 (1999 RH215)
../data/YHuang_freei/133067 (2003 FB128)
../data/YHuang_freei/130391 (2000 JG81)
../data/YHuang_freei/129772 (1999 HR11)
../data/YHuang_freei/126719 (2002 CC249)
../data/YHuang_freei/126154 (2001 YH140)
../data/YHuang_freei/123509 (2000 WK183)
../data/YHuang_freei/120347 Salacia (2004 SB60)
../data/YHuang_freei/120216 (2004 EW95)
../data/YHuang_freei/120178 (2003 OP32)
../data/YHuang_freei/119979 (2002 WC19)
../data/YHuang_freei/119956 (2002 PA149)
../data/YHuang_freei/119473 (2001 UO18)
../data/YHuang_freei/119070 (2001 KP77)
../data/YHuang_freei/119069 (2001 KN77)
../data/YHuang_freei/119067 (2001 KP76)
../data/YHuang_freei/119066 (2001 KJ76)
../data/YHuang_freei/118698 (2000 OY51)
../data/YHuang_freei/118379 (1999 HC12)
../data/YHuang_freei/118378 (1999 HT11)
../data/YHuang_freei/91133 (1998 HK151)
../data/YHuang_freei/90568 (2004 GV9)
../data/YHuang_freei/88611 Teharonhiawako (2001 QT297)
../data/YHuang_freei/88268 (2001 KK76)
../data/YHuang_freei/88267 (2001 KE76)
../data/YHuang_freei/86177 (1999 RY215)
../data/YHuang_freei/86047 (1999 OY3)
../data/YHuang_freei/85633 (1998 KR65)
../data/YHuang_freei/85627 (1998 HP151)
../data/YHuang_freei/84719 (2002 VR128)
../data/YHuang_freei/80806 (2000 CM105)
../data/YHuang_freei/79983 (1999 DF9)
../data/YHuang_freei/79360 Sila-Nunam (1997 CS29)
../data/YHuang_freei/69987 (1998 WA25)
../data/YHuang_freei/66652 Borasisi (1999 RZ253)
../data/YHuang_freei/66452 (1999 OF4)
../data/YHuang_freei/60620 (2000 FD8)
../data/YHuang_freei/60454 (2000 CH105)
../data/YHuang_freei/59358 (1999 CL158)
../data/YHuang_freei/58534 Logos (1997 CQ29)
../data/YHuang_freei/55637 (2002 UX25)
../data/YHuang_freei/55636 (2002 TX300)
../data/YHuang_freei/55565 (2002 AW197)
../data/YHuang_freei/53311 Deucalion (1999 HU11)
../data/YHuang_freei/52747 (1998 HM151)
../data/YHuang_freei/50000 Quaoar (2002 LM60)
../data/YHuang_freei/49673 (1999 RA215)
../data/YHuang_freei/47932 (2000 GN171)
../data/YHuang_freei/47171 Lempo (1999 TC36)
../data/YHuang_freei/45802 (2000 PV29)
../data/YHuang_freei/38628 Huya (2000 EB173)
../data/YHuang_freei/33001 (1997 CU29)
../data/YHuang_freei/32929 (1995 QY9)
../data/YHuang_freei/28978 Ixion (2001 KX76)
../data/YHuang_freei/24978 (1998 HJ151)
../data/YHuang_freei/24952 (1997 QJ4)
../data/YHuang_freei/24835 (1995 SM55)
../data/YHuang_freei/20108 (1995 QZ9)
../data/YHuang_freei/20000 Varuna (2000 WR106)
../data/YHuang_freei/19521 Chaos (1998 WH24)
../data/YHuang_freei/19308 (1996 TO66)
../data/YHuang_freei/19299 (1996 SZ4)
../data/YHuang_freei/19255 (1994 VK8)
../data/YHuang_freei/16684 (1994 JQ1)
../data/YHuang_freei/15883 (1997 CR29)
../data/YHuang_freei/15820 (1994 TB)
../data/YHuang_freei/15810 Arawn (1994 JR1)
../data/YHuang_freei/15809 (1994 JS)
../data/YHuang_freei/15807 (1994 GV9)
../data/YHuang_freei/15789 (1993 SC)
../data/YHuang_freei/15760 Albion (1992 QB1)
/home/djspenc/.local/lib/python3.7/site-packages/rebound/simulation.py:712: RuntimeWarning: SimulationArchive appears to be corrupted. REBOUND will attempt to fix it before appending more snapshots.

  warnings.warn(msg[1:], RuntimeWarning)
