printf: usage: printf [-v var] format [arguments]

Inactive Modules:
  1) defaultenv     2) lmod


Activating Modules:
  1) defaultenv/10     2) lmod/7.5.13


Inactive Modules:
  1) defaultenv     2) lmod


Activating Modules:
  1) defaultenv/10     2) lmod/7.5.13

../data/YHuang_freei/486958 Arrokoth (2014 MU69)
../data/YHuang_freei/(2020 BQ63)
../data/YHuang_freei/(2019 RO4)
../data/YHuang_freei/(2019 GJ23)
../data/YHuang_freei/(2018 MF13)
../data/YHuang_freei/(2017 RZ137)
../data/YHuang_freei/(2017 RY137)
../data/YHuang_freei/(2017 QQ131)
../data/YHuang_freei/(2017 OG69)
../data/YHuang_freei/(2005 JY185)
../data/YHuang_freei/(2017 OF69)
../data/YHuang_freei/(2017 DN121)
../data/YHuang_freei/(2017 DM121)
../data/YHuang_freei/(2016 XO34)
../data/YHuang_freei/(2016 WB75)
../data/YHuang_freei/(2016 UQ273)
../data/YHuang_freei/(2016 UL273)
../data/YHuang_freei/(2016 TL176)
../data/YHuang_freei/(2016 TZ94)
../data/YHuang_freei/(2016 TW94)
../data/YHuang_freei/(2016 TT94)
../data/YHuang_freei/(2016 TS94)
../data/YHuang_freei/(2016 SB106)
../data/YHuang_freei/(2016 SY105)
../data/YHuang_freei/(2016 SR105)
../data/YHuang_freei/(2016 SC59)
../data/YHuang_freei/(2016 SV58)
../data/YHuang_freei/(2016 SJ58)
../data/YHuang_freei/(2016 SE58)
../data/YHuang_freei/(2016 SW57)
../data/YHuang_freei/(2016 SU57)
../data/YHuang_freei/(2016 SF57)
../data/YHuang_freei/(2016 SY56)
../data/YHuang_freei/(2016 SN56)
../data/YHuang_freei/(2016 SK56)
../data/YHuang_freei/(2016 SB56)
../data/YHuang_freei/(2016 SY55)
../data/YHuang_freei/(2016 SQ55)
../data/YHuang_freei/(2016 RX82)
../data/YHuang_freei/(2016 RT82)
../data/YHuang_freei/(2016 RS82)
../data/YHuang_freei/(2016 RR82)
../data/YHuang_freei/(2016 RQ82)
../data/YHuang_freei/(2016 RP82)
../data/YHuang_freei/(2016 RO82)
../data/YHuang_freei/(2016 RM82)
../data/YHuang_freei/(2016 RK82)
../data/YHuang_freei/(2016 RH82)
../data/YHuang_freei/(2016 RG82)
../data/YHuang_freei/(2016 RD82)
../data/YHuang_freei/(2016 RA82)
../data/YHuang_freei/(2016 RX81)
../data/YHuang_freei/(2016 RV81)
../data/YHuang_freei/(2016 RU81)
../data/YHuang_freei/(2016 QG135)
../data/YHuang_freei/(2016 QE135)
../data/YHuang_freei/(2016 QD135)
../data/YHuang_freei/(2016 QC135)
../data/YHuang_freei/(2016 QA135)
../data/YHuang_freei/(2016 QZ134)
../data/YHuang_freei/(2016 QX134)
../data/YHuang_freei/(2016 QW134)
../data/YHuang_freei/(2016 QV134)
../data/YHuang_freei/(2016 QO134)
../data/YHuang_freei/(2016 QN134)
../data/YHuang_freei/(2016 QM134)
../data/YHuang_freei/(2016 QL134)
../data/YHuang_freei/(2016 PT220)
../data/YHuang_freei/(2016 PP220)
../data/YHuang_freei/(2016 PO220)
../data/YHuang_freei/(2016 PN220)
../data/YHuang_freei/(2016 PM220)
../data/YHuang_freei/(2016 PN219)
../data/YHuang_freei/(2016 PA101)
../data/YHuang_freei/(2016 FL59)
../data/YHuang_freei/(2016 CO264)
../data/YHuang_freei/(2016 AN278)
../data/YHuang_freei/(2015 XO480)
../data/YHuang_freei/(2015 VQ202)
../data/YHuang_freei/(2015 VJ181)
../data/YHuang_freei/(2015 VT173)
../data/YHuang_freei/(2015 VS173)
../data/YHuang_freei/(2015 VR173)
../data/YHuang_freei/(2015 VQ173)
../data/YHuang_freei/(2015 VP173)
../data/YHuang_freei/(2015 VO173)
../data/YHuang_freei/(2015 VN173)
../data/YHuang_freei/(2015 VM173)
../data/YHuang_freei/(2015 VL173)
../data/YHuang_freei/(2015 VK173)
../data/YHuang_freei/(2015 VJ173)
../data/YHuang_freei/(2015 VH173)
../data/YHuang_freei/(2015 VG173)
../data/YHuang_freei/(2015 VF173)
../data/YHuang_freei/(2015 VE173)
../data/YHuang_freei/(2015 VD173)
../data/YHuang_freei/(2015 VC173)
../data/YHuang_freei/(2015 VB173)
../data/YHuang_freei/(2015 VA173)
../data/YHuang_freei/(2015 VZ172)
../data/YHuang_freei/(2015 VY172)
../data/YHuang_freei/(2015 VX172)
../data/YHuang_freei/(2015 VW172)
../data/YHuang_freei/(2015 VV172)
../data/YHuang_freei/(2015 VU172)
../data/YHuang_freei/(2015 VT172)
../data/YHuang_freei/(2015 VS172)
../data/YHuang_freei/(2015 VR172)
../data/YHuang_freei/(2015 VQ172)
../data/YHuang_freei/(2015 VP172)
../data/YHuang_freei/(2015 VO172)
../data/YHuang_freei/(2015 VN172)
../data/YHuang_freei/(2015 VM172)
../data/YHuang_freei/(2015 VL172)
../data/YHuang_freei/(2015 VK172)
../data/YHuang_freei/(2015 VJ172)
../data/YHuang_freei/(2015 VH172)
../data/YHuang_freei/(2015 VG172)
../data/YHuang_freei/(2015 VF172)
../data/YHuang_freei/(2015 VE172)
../data/YHuang_freei/(2015 VD172)
../data/YHuang_freei/(2015 VC172)
../data/YHuang_freei/(2015 VA172)
../data/YHuang_freei/(2015 VZ171)
../data/YHuang_freei/(2015 VY171)
../data/YHuang_freei/(2015 VX171)
../data/YHuang_freei/(2015 VW171)
../data/YHuang_freei/(2015 VV171)
../data/YHuang_freei/(2015 VU171)
../data/YHuang_freei/(2015 VT171)
../data/YHuang_freei/(2015 VS171)
../data/YHuang_freei/(2015 VR171)
../data/YHuang_freei/(2015 VQ171)
../data/YHuang_freei/(2015 VP171)
../data/YHuang_freei/(2015 VO171)
../data/YHuang_freei/(2015 VN171)
../data/YHuang_freei/(2015 VM171)
../data/YHuang_freei/(2015 VL171)
../data/YHuang_freei/(2015 VK171)
../data/YHuang_freei/(2015 VJ171)
../data/YHuang_freei/(2015 VH171)
../data/YHuang_freei/(2015 VG171)
../data/YHuang_freei/(2015 VF171)
../data/YHuang_freei/(2015 VE171)
../data/YHuang_freei/(2015 VD171)
../data/YHuang_freei/(2015 VC171)
../data/YHuang_freei/(2015 VB171)
../data/YHuang_freei/(2015 VA171)
../data/YHuang_freei/(2015 VZ170)
../data/YHuang_freei/(2015 VY170)
../data/YHuang_freei/(2015 VX170)
../data/YHuang_freei/(2015 VW170)
../data/YHuang_freei/(2015 VV170)
../data/YHuang_freei/(2015 VU170)
../data/YHuang_freei/(2015 VT170)
../data/YHuang_freei/(2015 VS170)
../data/YHuang_freei/(2015 VR170)
../data/YHuang_freei/(2015 VQ170)
../data/YHuang_freei/(2015 VP170)
../data/YHuang_freei/(2015 VO170)
../data/YHuang_freei/(2015 VN170)
../data/YHuang_freei/(2015 VM170)
../data/YHuang_freei/(2015 VL170)
../data/YHuang_freei/(2015 VK170)
../data/YHuang_freei/(2015 VJ170)
../data/YHuang_freei/(2015 VH170)
../data/YHuang_freei/(2015 VG170)
../data/YHuang_freei/(2015 VF170)
../data/YHuang_freei/(2015 VE170)
../data/YHuang_freei/(2015 VD170)
../data/YHuang_freei/(2015 VC170)
../data/YHuang_freei/(2015 VB170)
../data/YHuang_freei/(2015 VA170)
../data/YHuang_freei/(2015 VZ169)
../data/YHuang_freei/(2015 VY169)
../data/YHuang_freei/(2015 VX169)
../data/YHuang_freei/(2015 VW169)
../data/YHuang_freei/(2015 VV169)
../data/YHuang_freei/(2015 VU169)
../data/YHuang_freei/(2015 VT169)
../data/YHuang_freei/(2015 VS169)
../data/YHuang_freei/(2015 VR169)
../data/YHuang_freei/(2015 VQ169)
../data/YHuang_freei/(2015 VP169)
../data/YHuang_freei/(2015 VO169)
../data/YHuang_freei/(2015 VN169)
../data/YHuang_freei/(2015 VM169)
../data/YHuang_freei/(2015 VL169)
../data/YHuang_freei/(2015 VK169)
../data/YHuang_freei/(2015 VJ169)
../data/YHuang_freei/(2015 VH169)
../data/YHuang_freei/(2015 VG169)
../data/YHuang_freei/(2015 VF169)
../data/YHuang_freei/(2015 VE169)
../data/YHuang_freei/(2015 VD169)
../data/YHuang_freei/(2015 VC169)
../data/YHuang_freei/(2015 VB169)
../data/YHuang_freei/(2015 VA169)
../data/YHuang_freei/(2015 VZ168)
../data/YHuang_freei/(2015 VY168)
../data/YHuang_freei/(2015 VX168)
../data/YHuang_freei/(2015 VW168)
../data/YHuang_freei/(2015 VV168)
../data/YHuang_freei/(2015 VU168)
../data/YHuang_freei/(2015 VT168)
../data/YHuang_freei/(2015 VS168)
../data/YHuang_freei/(2015 VR168)
../data/YHuang_freei/(2015 VQ168)
../data/YHuang_freei/(2015 VP168)
../data/YHuang_freei/(2015 VF168)
../data/YHuang_freei/(2015 VC168)
../data/YHuang_freei/(2015 VV167)
../data/YHuang_freei/(2015 VU167)
../data/YHuang_freei/(2015 VP167)
../data/YHuang_freei/(2015 VK167)
../data/YHuang_freei/(2015 VJ167)
../data/YHuang_freei/(2015 VH167)
../data/YHuang_freei/(2015 VG167)
../data/YHuang_freei/(2015 VC167)
../data/YHuang_freei/(2015 VB167)
../data/YHuang_freei/(2015 VA167)
../data/YHuang_freei/(2015 VZ166)
../data/YHuang_freei/(2015 VY166)
../data/YHuang_freei/(2015 VX166)
../data/YHuang_freei/(2015 VW166)
../data/YHuang_freei/(2015 VV166)
../data/YHuang_freei/(2015 VU166)
../data/YHuang_freei/(2015 VT166)
../data/YHuang_freei/(2015 VS166)
../data/YHuang_freei/(2015 VR166)
../data/YHuang_freei/(2015 VQ166)
../data/YHuang_freei/(2015 VF166)
../data/YHuang_freei/(2015 VB166)
../data/YHuang_freei/(2015 VT165)
../data/YHuang_freei/(2015 VS165)
../data/YHuang_freei/(2015 VR165)
../data/YHuang_freei/(2015 VO165)
../data/YHuang_freei/(2015 VM165)
../data/YHuang_freei/(2015 VL165)
../data/YHuang_freei/(2015 VK165)
../data/YHuang_freei/(2015 VH165)
../data/YHuang_freei/(2015 VE165)
../data/YHuang_freei/(2015 VD165)
../data/YHuang_freei/(2015 VB165)
../data/YHuang_freei/(2015 VA165)
../data/YHuang_freei/(2015 VZ164)
../data/YHuang_freei/(2015 VW164)
../data/YHuang_freei/(2015 VV164)
../data/YHuang_freei/(2015 VU164)
../data/YHuang_freei/(2015 VQ164)
../data/YHuang_freei/(2015 VO164)
../data/YHuang_freei/(2015 VN164)
../data/YHuang_freei/(2015 VJ164)
../data/YHuang_freei/(2015 VD164)
../data/YHuang_freei/(2015 VC164)
../data/YHuang_freei/(2015 VB164)
../data/YHuang_freei/(2015 VA164)
../data/YHuang_freei/(2015 VD157)
../data/YHuang_freei/(2015 TQ408)
../data/YHuang_freei/(2015 TK363)
../data/YHuang_freei/(2015 TJ363)
../data/YHuang_freei/(2015 TG362)
../data/YHuang_freei/(2015 TP361)
../data/YHuang_freei/(2015 TL361)
../data/YHuang_freei/(2015 TJ361)
../data/YHuang_freei/(2015 TC361)
../data/YHuang_freei/(2015 TA361)
../data/YHuang_freei/(2015 SZ49)
../data/YHuang_freei/(2015 RY345)
../data/YHuang_freei/(2015 RX345)
../data/YHuang_freei/(2015 RP281)
../data/YHuang_freei/(2015 RO281)
../data/YHuang_freei/(2015 RN281)
../data/YHuang_freei/(2015 RM281)
../data/YHuang_freei/(2015 RL281)
../data/YHuang_freei/(2015 RK281)
../data/YHuang_freei/(2015 RJ281)
../data/YHuang_freei/(2015 RH281)
../data/YHuang_freei/(2015 RG281)
../data/YHuang_freei/(2015 RF281)
../data/YHuang_freei/(2015 RE281)
../data/YHuang_freei/(2015 RD281)
../data/YHuang_freei/(2015 RC281)
../data/YHuang_freei/(2015 RB281)
../data/YHuang_freei/(2015 RA281)
../data/YHuang_freei/(2015 RZ280)
../data/YHuang_freei/(2015 RY280)
../data/YHuang_freei/(2015 RX280)
../data/YHuang_freei/(2015 RW280)
../data/YHuang_freei/(2015 RV280)
../data/YHuang_freei/(2015 RU280)
../data/YHuang_freei/(2015 RT280)
../data/YHuang_freei/(2015 RS280)
../data/YHuang_freei/(2015 RR280)
../data/YHuang_freei/(2015 RQ280)
../data/YHuang_freei/(2015 RP280)
../data/YHuang_freei/(2015 RO280)
../data/YHuang_freei/(2015 RN280)
../data/YHuang_freei/(2015 RM280)
../data/YHuang_freei/(2015 RL280)
../data/YHuang_freei/(2015 RK280)
../data/YHuang_freei/(2015 RJ280)
../data/YHuang_freei/(2015 RH280)
../data/YHuang_freei/(2015 RG280)
../data/YHuang_freei/(2015 RF280)
../data/YHuang_freei/(2015 RE280)
../data/YHuang_freei/(2015 RD280)
../data/YHuang_freei/(2015 RC280)
../data/YHuang_freei/(2015 RB280)
../data/YHuang_freei/(2015 RA280)
../data/YHuang_freei/(2015 RZ279)
../data/YHuang_freei/(2015 RY279)
../data/YHuang_freei/(2015 RX279)
../data/YHuang_freei/(2015 RW279)
../data/YHuang_freei/(2015 RV279)
../data/YHuang_freei/(2015 RU279)
../data/YHuang_freei/(2015 RT279)
../data/YHuang_freei/(2015 RS279)
../data/YHuang_freei/(2015 RR279)
../data/YHuang_freei/(2015 RQ279)
../data/YHuang_freei/(2015 RP279)
../data/YHuang_freei/(2015 RO279)
../data/YHuang_freei/(2015 RN279)
../data/YHuang_freei/(2015 RM279)
../data/YHuang_freei/(2015 RL279)
../data/YHuang_freei/(2015 RF279)
../data/YHuang_freei/(2015 RT278)
../data/YHuang_freei/(2015 RQ278)
../data/YHuang_freei/(2015 RP278)
../data/YHuang_freei/(2015 RO278)
../data/YHuang_freei/(2015 RM278)
../data/YHuang_freei/(2015 RK278)
../data/YHuang_freei/(2015 RJ278)
../data/YHuang_freei/(2015 RG278)
../data/YHuang_freei/(2015 RF278)
../data/YHuang_freei/(2015 RE278)
../data/YHuang_freei/(2015 RD278)
../data/YHuang_freei/(2015 RC278)
../data/YHuang_freei/(2015 RV277)
../data/YHuang_freei/(2015 RU277)
../data/YHuang_freei/(2015 RT277)
../data/YHuang_freei/(2015 RS277)
../data/YHuang_freei/(2015 RR277)
../data/YHuang_freei/(2015 RJ277)
../data/YHuang_freei/(2015 RG277)
../data/YHuang_freei/(2015 RC277)
../data/YHuang_freei/(2015 RT245)
../data/YHuang_freei/(2015 RS245)
../data/YHuang_freei/(2015 QB34)
../data/YHuang_freei/(2015 QY33)
../data/YHuang_freei/(2015 QX33)
../data/YHuang_freei/(2015 QW33)
../data/YHuang_freei/(2015 QL14)
../data/YHuang_freei/(2015 PL312)
../data/YHuang_freei/(2015 PF312)
../data/YHuang_freei/(2015 ML150)
../data/YHuang_freei/(2015 KN199)
../data/YHuang_freei/(2015 KM199)
../data/YHuang_freei/(2015 KL199)
../data/YHuang_freei/(2015 KG178)
../data/YHuang_freei/(2015 KD176)
../data/YHuang_freei/(2015 KC176)
../data/YHuang_freei/(2015 KB176)
../data/YHuang_freei/(2015 KA176)
../data/YHuang_freei/(2015 KZ175)
../data/YHuang_freei/(2015 KY175)
../data/YHuang_freei/(2015 KX175)
../data/YHuang_freei/(2015 KW175)
../data/YHuang_freei/(2015 KV175)
../data/YHuang_freei/(2015 KU175)
../data/YHuang_freei/(2015 KT175)
../data/YHuang_freei/(2015 KS175)
../data/YHuang_freei/(2015 KR175)
../data/YHuang_freei/(2015 KQ175)
../data/YHuang_freei/(2015 KP175)
../data/YHuang_freei/(2015 KO175)
../data/YHuang_freei/(2015 KN175)
../data/YHuang_freei/(2015 KM175)
../data/YHuang_freei/(2015 KL175)
../data/YHuang_freei/(2015 KK175)
../data/YHuang_freei/(2015 KJ175)
../data/YHuang_freei/(2015 KH175)
../data/YHuang_freei/(2015 KG175)
../data/YHuang_freei/(2015 KF175)
../data/YHuang_freei/(2015 KE175)
../data/YHuang_freei/(2015 KD175)
../data/YHuang_freei/(2015 KC175)
../data/YHuang_freei/(2015 KB175)
../data/YHuang_freei/(2015 KA175)
../data/YHuang_freei/(2015 KN174)
../data/YHuang_freei/(2015 KM174)
../data/YHuang_freei/(2015 KL174)
../data/YHuang_freei/(2015 KK174)
../data/YHuang_freei/(2015 KJ174)
../data/YHuang_freei/(2015 KB174)
../data/YHuang_freei/(2015 KA174)
../data/YHuang_freei/(2015 KW173)
../data/YHuang_freei/(2015 KV173)
../data/YHuang_freei/(2015 KU173)
slurmstepd: error: *** JOB 65990777 ON m9-37-4 CANCELLED AT 2024-07-02T09:29:50 ***
